#
# There is insufficient memory for the Java Runtime Environment to continue.
# Native memory allocation (malloc) failed to allocate 742896 bytes for Chunk::new
# Possible reasons:
#   The system is out of physical RAM or swap space
#   The process is running with CompressedOops enabled, and the Java Heap may be blocking the growth of the native heap
# Possible solutions:
#   Reduce memory load on the system
#   Increase physical memory or swap space
#   Check if swap backing store is full
#   Decrease Java heap size (-Xmx/-Xms)
#   Decrease number of Java threads
#   Decrease Java thread stack sizes (-Xss)
#   Set larger code cache with -XX:ReservedCodeCacheSize=
#   JVM is running with Unscaled Compressed Oops mode in which the Java heap is
#     placed in the first 4GB address space. The Java Heap base address is the
#     maximum limit for the native heap growth. Please use -XX:HeapBaseMinAddress
#     to set the Java Heap base and to place the Java Heap above 4GB virtual address.
# This output file may be truncated or incomplete.
#
#  Out of Memory Error (arena.cpp:189), pid=11640, tid=30356
#
# JRE version: OpenJDK Runtime Environment Temurin-17.0.4.1+1 (17.0.4.1+1) (build 17.0.4.1+1)
# Java VM: OpenJDK 64-Bit Server VM Temurin-17.0.4.1+1 (17.0.4.1+1, mixed mode, tiered, compressed oops, compressed class ptrs, parallel gc, windows-amd64)
# No core dump will be written. Minidumps are not enabled by default on client versions of Windows
#

---------------  S U M M A R Y ------------

Command Line: --add-modules=ALL-SYSTEM --add-opens=java.base/java.util=ALL-UNNAMED --add-opens=java.base/java.lang=ALL-UNNAMED --add-opens=java.base/sun.nio.fs=ALL-UNNAMED -Declipse.application=org.eclipse.jdt.ls.core.id1 -Dosgi.bundles.defaultStartLevel=4 -Declipse.product=org.eclipse.jdt.ls.core.product -Djava.import.generatesMetadataFilesAtProjectRoot=false -Dfile.encoding=utf8 -XX:+UseParallelGC -XX:GCTimeRatio=4 -XX:AdaptiveSizePolicyWeight=90 -Dsun.zip.disableMemoryMapping=true -Xmx1G -Xms100m -Xlog:disable -javaagent:c:\Users\ANSAF\.antigravity\extensions\redhat.java-1.12.0-win32-x64\lombok\lombok-1.18.24.jar c:\Users\ANSAF\.antigravity\extensions\redhat.java-1.12.0-win32-x64\server\plugins\org.eclipse.equinox.launcher_1.6.400.v20210924-0641.jar -configuration c:\Users\ANSAF\AppData\Roaming\Antigravity\User\globalStorage\redhat.java\1.12.0\config_ss_win -data c:\Users\ANSAF\AppData\Roaming\Antigravity\User\workspaceStorage\1edba422f8148d5b498ae3287b6bc979\redhat.java\ss_ws

Host: 12th Gen Intel(R) Core(TM) i5-12450H, 12 cores, 7G,  Windows 11 , 64 bit Build 26100 (10.0.26100.7705)
Time: Fri Mar  6 19:11:31 2026 India Standard Time elapsed time: 82.884322 seconds (0d 0h 1m 22s)

---------------  T H R E A D  ---------------

Current thread (0x000001d32db967b0):  JavaThread "C2 CompilerThread0" daemon [_thread_in_native, id=30356, stack(0x0000001ab8500000,0x0000001ab8600000)]


Current CompileTask:
C2:  82884 3644 %     4       java.io.WinNTFileSystem::normalize @ 22 (143 bytes)

Stack: [0x0000001ab8500000,0x0000001ab8600000]
Native frames: (J=compiled Java code, j=interpreted, Vv=VM code, C=native code)
V  [jvm.dll+0x67731a]
V  [jvm.dll+0x832284]
V  [jvm.dll+0x833a2e]
V  [jvm.dll+0x834093]
V  [jvm.dll+0x245775]
V  [jvm.dll+0xabd7b]
V  [jvm.dll+0xac30c]
V  [jvm.dll+0x363a42]
V  [jvm.dll+0x32e011]
V  [jvm.dll+0x32d4ba]
V  [jvm.dll+0x218681]
V  [jvm.dll+0x217aa1]
V  [jvm.dll+0x1a3f8d]
V  [jvm.dll+0x227498]
V  [jvm.dll+0x2255e5]
V  [jvm.dll+0x7e7e9b]
V  [jvm.dll+0x7e240a]
V  [jvm.dll+0x6761a5]
C  [ucrtbase.dll+0x37b0]
C  [KERNEL32.DLL+0x2e8d7]
C  [ntdll.dll+0x8c40c]


---------------  P R O C E S S  ---------------

Threads class SMR info:
_java_thread_list=0x000001d330aa5c10, length=24, elements={
0x000001d318185220, 0x000001d32c003b10, 0x000001d32c006a00, 0x000001d32db57280,
0x000001d32db59f50, 0x000001d32db88720, 0x000001d32db90ff0, 0x000001d32db967b0,
0x000001d32db9a780, 0x000001d32db9cca0, 0x000001d32dc4f670, 0x000001d32de81420,
0x000001d32f8b6cd0, 0x000001d32dbcec00, 0x000001d32dbcf0d0, 0x000001d32dbd08e0,
0x000001d32dbcf5a0, 0x000001d32dbd0410, 0x000001d32dbd0db0, 0x000001d32dbce730,
0x000001d32dbd1280, 0x000001d32dbcdd90, 0x000001d32dbce260, 0x000001d331211010
}

Java Threads: ( => current thread )
  0x000001d318185220 JavaThread "main" [_thread_blocked, id=20632, stack(0x0000001ab7c00000,0x0000001ab7d00000)]
  0x000001d32c003b10 JavaThread "Reference Handler" daemon [_thread_blocked, id=7068, stack(0x0000001ab7f00000,0x0000001ab8000000)]
  0x000001d32c006a00 JavaThread "Finalizer" daemon [_thread_blocked, id=32876, stack(0x0000001ab8000000,0x0000001ab8100000)]
  0x000001d32db57280 JavaThread "Signal Dispatcher" daemon [_thread_blocked, id=33020, stack(0x0000001ab8100000,0x0000001ab8200000)]
  0x000001d32db59f50 JavaThread "Attach Listener" daemon [_thread_blocked, id=33252, stack(0x0000001ab8200000,0x0000001ab8300000)]
  0x000001d32db88720 JavaThread "Service Thread" daemon [_thread_blocked, id=27220, stack(0x0000001ab8300000,0x0000001ab8400000)]
  0x000001d32db90ff0 JavaThread "Monitor Deflation Thread" daemon [_thread_blocked, id=12600, stack(0x0000001ab8400000,0x0000001ab8500000)]
=>0x000001d32db967b0 JavaThread "C2 CompilerThread0" daemon [_thread_in_native, id=30356, stack(0x0000001ab8500000,0x0000001ab8600000)]
  0x000001d32db9a780 JavaThread "C1 CompilerThread0" daemon [_thread_blocked, id=11208, stack(0x0000001ab8600000,0x0000001ab8700000)]
  0x000001d32db9cca0 JavaThread "Sweeper thread" daemon [_thread_blocked, id=31308, stack(0x0000001ab8700000,0x0000001ab8800000)]
  0x000001d32dc4f670 JavaThread "Common-Cleaner" daemon [_thread_blocked, id=34748, stack(0x0000001ab8800000,0x0000001ab8900000)]
  0x000001d32de81420 JavaThread "Notification Thread" daemon [_thread_blocked, id=33380, stack(0x0000001ab8a00000,0x0000001ab8b00000)]
  0x000001d32f8b6cd0 JavaThread "Active Thread: Equinox Container: f11b5bc2-cd9e-48ca-8bda-e52a1fb93450" [_thread_blocked, id=24320, stack(0x0000001ab9100000,0x0000001ab9200000)]
  0x000001d32dbcec00 JavaThread "Framework Event Dispatcher: Equinox Container: f11b5bc2-cd9e-48ca-8bda-e52a1fb93450" daemon [_thread_blocked, id=26452, stack(0x0000001ab9000000,0x0000001ab9100000)]
  0x000001d32dbcf0d0 JavaThread "Start Level: Equinox Container: f11b5bc2-cd9e-48ca-8bda-e52a1fb93450" daemon [_thread_blocked, id=3076, stack(0x0000001ab9200000,0x0000001ab9300000)]
  0x000001d32dbd08e0 JavaThread "SCR Component Actor" daemon [_thread_blocked, id=22208, stack(0x0000001ab9300000,0x0000001ab9400000)]
  0x000001d32dbcf5a0 JavaThread "Worker-JM" [_thread_blocked, id=31364, stack(0x0000001ab9700000,0x0000001ab9800000)]
  0x000001d32dbd0410 JavaThread "Worker-0" [_thread_blocked, id=11964, stack(0x0000001ab9800000,0x0000001ab9900000)]
  0x000001d32dbd0db0 JavaThread "Worker-1" [_thread_blocked, id=9056, stack(0x0000001ab9b00000,0x0000001ab9c00000)]
  0x000001d32dbce730 JavaThread "JNA Cleaner" daemon [_thread_blocked, id=15292, stack(0x0000001ab9600000,0x0000001ab9700000)]
  0x000001d32dbd1280 JavaThread "pool-2-thread-1" [_thread_blocked, id=13624, stack(0x0000001ab9e00000,0x0000001ab9f00000)]
  0x000001d32dbcdd90 JavaThread "pool-1-thread-1" [_thread_in_vm, id=32312, stack(0x0000001ab9f00000,0x0000001aba000000)]
  0x000001d32dbce260 JavaThread "Worker-2" [_thread_blocked, id=33396, stack(0x0000001aba000000,0x0000001aba100000)]
  0x000001d331211010 JavaThread "C2 CompilerThread1" daemon [_thread_in_vm, id=26232, stack(0x0000001ab7900000,0x0000001ab7a00000)]

Other Threads:
  0x000001d32db41fd0 VMThread "VM Thread" [stack: 0x0000001ab7e00000,0x0000001ab7f00000] [id=33136]
  0x000001d32de8a590 WatcherThread [stack: 0x0000001ab8b00000,0x0000001ab8c00000] [id=20620]
  0x000001d31819a230 GCTaskThread "GC Thread#0" [stack: 0x0000001ab7d00000,0x0000001ab7e00000] [id=26076]
  0x000001d32f347e70 GCTaskThread "GC Thread#1" [stack: 0x0000001ab8900000,0x0000001ab8a00000] [id=17176]
  0x000001d32f82d950 GCTaskThread "GC Thread#2" [stack: 0x0000001ab8c00000,0x0000001ab8d00000] [id=34436]
  0x000001d32f4e4c40 GCTaskThread "GC Thread#3" [stack: 0x0000001ab8d00000,0x0000001ab8e00000] [id=12932]
  0x000001d32f82dc00 GCTaskThread "GC Thread#4" [stack: 0x0000001ab8e00000,0x0000001ab8f00000] [id=33756]
  0x000001d32f82deb0 GCTaskThread "GC Thread#5" [stack: 0x0000001ab8f00000,0x0000001ab9000000] [id=19484]
  0x000001d32dd2ee00 GCTaskThread "GC Thread#6" [stack: 0x0000001ab9400000,0x0000001ab9500000] [id=2988]
  0x000001d32f31c8d0 GCTaskThread "GC Thread#7" [stack: 0x0000001ab9500000,0x0000001ab9600000] [id=31788]
  0x000001d3307afe50 GCTaskThread "GC Thread#8" [stack: 0x0000001ab9900000,0x0000001ab9a00000] [id=16676]
  0x000001d3307b0100 GCTaskThread "GC Thread#9" [stack: 0x0000001ab9a00000,0x0000001ab9b00000] [id=10032]

Threads with active compile tasks:
C2 CompilerThread0    82903 3644 %     4       java.io.WinNTFileSystem::normalize @ 22 (143 bytes)
C2 CompilerThread1    82903 3648 %     4       java.util.Properties$LineReader::readLine @ 53 (584 bytes)

VM state: not at safepoint (normal execution)

VM Mutex/Monitor currently owned by a thread: None

Heap address: 0x00000000c0000000, size: 1024 MB, Compressed Oops mode: 32-bit

CDS archive(s) not mapped
Compressed class space mapped at: 0x0000000100000000-0x0000000140000000, reserved size: 1073741824
Narrow klass base: 0x0000000000000000, Narrow klass shift: 3, Narrow klass range: 0x140000000

GC Precious Log:
 CPUs: 12 total, 12 available
 Memory: 7832M
 Large Page Support: Disabled
 NUMA Support: Disabled
 Compressed Oops: Enabled (32-bit)
 Alignments: Space 512K, Generation 512K, Heap 2M
 Heap Min Capacity: 100M
 Heap Initial Capacity: 100M
 Heap Max Capacity: 1G
 Pre-touch: Disabled
 Parallel Workers: 10

Heap:
 PSYoungGen      total 22528K, used 2192K [0x00000000eab00000, 0x00000000ec680000, 0x0000000100000000)
  eden space 22016K, 9% used [0x00000000eab00000,0x00000000ead24318,0x00000000ec080000)
  from space 512K, 0% used [0x00000000ec600000,0x00000000ec600000,0x00000000ec680000)
  to   space 2048K, 0% used [0x00000000ec280000,0x00000000ec280000,0x00000000ec480000)
 ParOldGen       total 68608K, used 28527K [0x00000000c0000000, 0x00000000c4300000, 0x00000000eab00000)
  object space 68608K, 41% used [0x00000000c0000000,0x00000000c1bdbcc0,0x00000000c4300000)
 Metaspace       used 35506K, committed 36096K, reserved 1089536K
  class space    used 3608K, committed 3840K, reserved 1048576K

Card table byte_map: [0x000001d317b30000,0x000001d317d40000] _byte_map_base: 0x000001d317530000

Marking Bits: (ParMarkBitMap*) 0x00007ff908132cc0
 Begin Bits: [0x000001d329e10000, 0x000001d32ae10000)
 End Bits:   [0x000001d32ae10000, 0x000001d32be10000)

Polling page: 0x000001d316070000

Metaspace:

Usage:
  Non-class:     31.15 MB used.
      Class:      3.52 MB used.
       Both:     34.67 MB used.

Virtual space:
  Non-class space:       40.00 MB reserved,      31.50 MB ( 79%) committed,  5 nodes.
      Class space:        1.00 GB reserved,       3.75 MB ( <1%) committed,  1 nodes.
             Both:        1.04 GB reserved,      35.25 MB (  3%) committed. 

Chunk freelists:
   Non-Class:  3.67 MB
       Class:  259.00 KB
        Both:  3.92 MB

MaxMetaspaceSize: unlimited
CompressedClassSpaceSize: 1.00 GB
Initial GC threshold: 21.00 MB
Current GC threshold: 58.38 MB
CDS: off
MetaspaceReclaimPolicy: balanced
 - commit_granule_bytes: 65536.
 - commit_granule_words: 8192.
 - virtual_space_node_default_size: 1048576.
 - enlarge_chunks_in_place: 1.
 - new_chunks_are_fully_committed: 0.
 - uncommit_free_chunks: 1.
 - use_allocation_guard: 0.
 - handle_deallocations: 1.


Internal statistics:

num_allocs_failed_limit: 6.
num_arena_births: 274.
num_arena_deaths: 14.
num_vsnodes_births: 6.
num_vsnodes_deaths: 0.
num_space_committed: 564.
num_space_uncommitted: 0.
num_chunks_returned_to_freelist: 20.
num_chunks_taken_from_freelist: 1316.
num_chunk_merges: 10.
num_chunk_splits: 903.
num_chunks_enlarged: 653.
num_purges: 2.
num_inconsistent_stats: 0.

CodeHeap 'non-profiled nmethods': size=120000Kb used=1702Kb max_used=1702Kb free=118297Kb
 bounds [0x000001d3228e0000, 0x000001d322b50000, 0x000001d329e10000]
CodeHeap 'profiled nmethods': size=120000Kb used=7485Kb max_used=7485Kb free=112514Kb
 bounds [0x000001d31b3b0000, 0x000001d31bb00000, 0x000001d3228e0000]
CodeHeap 'non-nmethods': size=5760Kb used=1256Kb max_used=1290Kb free=4503Kb
 bounds [0x000001d31ae10000, 0x000001d31b080000, 0x000001d31b3b0000]
 total_blobs=4177 nmethods=3604 adapters=487
 compilation: enabled
              stopped_count=0, restarted_count=0
 full_count=0

Compilation events (20 events):
Event: 77.733 Thread 0x000001d32db967b0 3638       4       java.lang.String::compareTo (63 bytes)
Event: 77.733 Thread 0x000001d32db9a780 nmethod 3637 0x000001d31baf7f90 code [0x000001d31baf8140, 0x000001d31baf83a8]
Event: 77.743 Thread 0x000001d32db9a780 3639       3       java.net.URI::isOpaque (13 bytes)
Event: 77.743 Thread 0x000001d32db9a780 nmethod 3639 0x000001d31baf8510 code [0x000001d31baf86a0, 0x000001d31baf8818]
Event: 77.752 Thread 0x000001d32db967b0 nmethod 3638 0x000001d322a87a90 code [0x000001d322a87c00, 0x000001d322a87e18]
Event: 77.752 Thread 0x000001d32db967b0 3642       4       java.util.TreeMap::getEntryUsingComparator (74 bytes)
Event: 77.768 Thread 0x000001d32db967b0 nmethod 3642 0x000001d322a87f10 code [0x000001d322a880e0, 0x000001d322a88838]
Event: 77.769 Thread 0x000001d32db967b0 3640       4       java.lang.StringLatin1::getChars (12 bytes)
Event: 77.769 Thread 0x000001d32db967b0 nmethod 3640 0x000001d322a88f10 code [0x000001d322a89080, 0x000001d322a891f8]
Event: 77.769 Thread 0x000001d32db967b0 3641       4       java.lang.String::getChars (54 bytes)
Event: 77.771 Thread 0x000001d32db967b0 nmethod 3641 0x000001d322a89290 code [0x000001d322a89420, 0x000001d322a89778]
Event: 77.787 Thread 0x000001d32db9a780 3643       3       java.util.HashSet::isEmpty (8 bytes)
Event: 77.787 Thread 0x000001d32db9a780 nmethod 3643 0x000001d31baf8890 code [0x000001d31baf8a20, 0x000001d31baf8c78]
Event: 77.788 Thread 0x000001d32db967b0 3644 %     4       java.io.WinNTFileSystem::normalize @ 22 (143 bytes)
Event: 78.842 Thread 0x000001d32db9a780 3647       3       lombok.patcher.Hook::toSpec (95 bytes)
Event: 79.841 Thread 0x000001d32db9a780 nmethod 3647 0x000001d31baf8d90 code [0x000001d31baf90e0, 0x000001d31bafa218]
Event: 79.857 Thread 0x000001d32db9a780 3649       3       java.nio.CharBuffer::arrayOffset (35 bytes)
Event: 79.857 Thread 0x000001d32db9a780 nmethod 3649 0x000001d31bafa810 code [0x000001d31bafa9e0, 0x000001d31bafac98]
Event: 79.859 Thread 0x000001d32db9a780 3651       3       java.nio.ByteBuffer::arrayOffset (35 bytes)
Event: 79.859 Thread 0x000001d32db9a780 nmethod 3651 0x000001d31bafad90 code [0x000001d31bafaf60, 0x000001d31bafb218]

GC Heap History (20 events):
Event: 31.767 GC heap before
{Heap before GC invocations=9 (full 1):
 PSYoungGen      total 25600K, used 25599K [0x00000000eab00000, 0x00000000ec780000, 0x0000000100000000)
  eden space 24064K, 100% used [0x00000000eab00000,0x00000000ec280000,0x00000000ec280000)
  from space 1536K, 99% used [0x00000000ec580000,0x00000000ec6ffd18,0x00000000ec700000)
  to   space 512K, 0% used [0x00000000ec700000,0x00000000ec700000,0x00000000ec780000)
 ParOldGen       total 68608K, used 13412K [0x00000000c0000000, 0x00000000c4300000, 0x00000000eab00000)
  object space 68608K, 19% used [0x00000000c0000000,0x00000000c0d190b0,0x00000000c4300000)
 Metaspace       used 33084K, committed 33664K, reserved 1081344K
  class space    used 3333K, committed 3584K, reserved 1048576K
}
Event: 31.773 GC heap after
{Heap after GC invocations=9 (full 1):
 PSYoungGen      total 24064K, used 495K [0x00000000eab00000, 0x00000000ec780000, 0x0000000100000000)
  eden space 23552K, 0% used [0x00000000eab00000,0x00000000eab00000,0x00000000ec200000)
  from space 512K, 96% used [0x00000000ec700000,0x00000000ec77bd60,0x00000000ec780000)
  to   space 2048K, 0% used [0x00000000ec380000,0x00000000ec380000,0x00000000ec580000)
 ParOldGen       total 68608K, used 14815K [0x00000000c0000000, 0x00000000c4300000, 0x00000000eab00000)
  object space 68608K, 21% used [0x00000000c0000000,0x00000000c0e77ea0,0x00000000c4300000)
 Metaspace       used 33084K, committed 33664K, reserved 1081344K
  class space    used 3333K, committed 3584K, reserved 1048576K
}
Event: 32.883 GC heap before
{Heap before GC invocations=10 (full 1):
 PSYoungGen      total 24064K, used 24047K [0x00000000eab00000, 0x00000000ec780000, 0x0000000100000000)
  eden space 23552K, 100% used [0x00000000eab00000,0x00000000ec200000,0x00000000ec200000)
  from space 512K, 96% used [0x00000000ec700000,0x00000000ec77bd60,0x00000000ec780000)
  to   space 2048K, 0% used [0x00000000ec380000,0x00000000ec380000,0x00000000ec580000)
 ParOldGen       total 68608K, used 14815K [0x00000000c0000000, 0x00000000c4300000, 0x00000000eab00000)
  object space 68608K, 21% used [0x00000000c0000000,0x00000000c0e77ea0,0x00000000c4300000)
 Metaspace       used 34227K, committed 34880K, reserved 1081344K
  class space    used 3448K, committed 3712K, reserved 1048576K
}
Event: 32.889 GC heap after
{Heap after GC invocations=10 (full 1):
 PSYoungGen      total 25088K, used 1395K [0x00000000eab00000, 0x00000000ec780000, 0x0000000100000000)
  eden space 23040K, 0% used [0x00000000eab00000,0x00000000eab00000,0x00000000ec180000)
  from space 2048K, 68% used [0x00000000ec380000,0x00000000ec4dcf50,0x00000000ec580000)
  to   space 2048K, 0% used [0x00000000ec580000,0x00000000ec580000,0x00000000ec780000)
 ParOldGen       total 68608K, used 15052K [0x00000000c0000000, 0x00000000c4300000, 0x00000000eab00000)
  object space 68608K, 21% used [0x00000000c0000000,0x00000000c0eb3220,0x00000000c4300000)
 Metaspace       used 34227K, committed 34880K, reserved 1081344K
  class space    used 3448K, committed 3712K, reserved 1048576K
}
Event: 33.366 GC heap before
{Heap before GC invocations=11 (full 1):
 PSYoungGen      total 25088K, used 24435K [0x00000000eab00000, 0x00000000ec780000, 0x0000000100000000)
  eden space 23040K, 100% used [0x00000000eab00000,0x00000000ec180000,0x00000000ec180000)
  from space 2048K, 68% used [0x00000000ec380000,0x00000000ec4dcf50,0x00000000ec580000)
  to   space 2048K, 0% used [0x00000000ec580000,0x00000000ec580000,0x00000000ec780000)
 ParOldGen       total 68608K, used 15052K [0x00000000c0000000, 0x00000000c4300000, 0x00000000eab00000)
  object space 68608K, 21% used [0x00000000c0000000,0x00000000c0eb3220,0x00000000c4300000)
 Metaspace       used 34643K, committed 35264K, reserved 1081344K
  class space    used 3506K, committed 3776K, reserved 1048576K
}
Event: 33.375 GC heap after
{Heap after GC invocations=11 (full 1):
 PSYoungGen      total 24576K, used 2016K [0x00000000eab00000, 0x00000000ec800000, 0x0000000100000000)
  eden space 22528K, 0% used [0x00000000eab00000,0x00000000eab00000,0x00000000ec100000)
  from space 2048K, 98% used [0x00000000ec580000,0x00000000ec778020,0x00000000ec780000)
  to   space 3584K, 0% used [0x00000000ec100000,0x00000000ec100000,0x00000000ec480000)
 ParOldGen       total 68608K, used 16199K [0x00000000c0000000, 0x00000000c4300000, 0x00000000eab00000)
  object space 68608K, 23% used [0x00000000c0000000,0x00000000c0fd1ec8,0x00000000c4300000)
 Metaspace       used 34643K, committed 35264K, reserved 1081344K
  class space    used 3506K, committed 3776K, reserved 1048576K
}
Event: 33.954 GC heap before
{Heap before GC invocations=12 (full 1):
 PSYoungGen      total 24576K, used 24544K [0x00000000eab00000, 0x00000000ec800000, 0x0000000100000000)
  eden space 22528K, 100% used [0x00000000eab00000,0x00000000ec100000,0x00000000ec100000)
  from space 2048K, 98% used [0x00000000ec580000,0x00000000ec778020,0x00000000ec780000)
  to   space 3584K, 0% used [0x00000000ec100000,0x00000000ec100000,0x00000000ec480000)
 ParOldGen       total 68608K, used 16199K [0x00000000c0000000, 0x00000000c4300000, 0x00000000eab00000)
  object space 68608K, 23% used [0x00000000c0000000,0x00000000c0fd1ec8,0x00000000c4300000)
 Metaspace       used 34731K, committed 35328K, reserved 1081344K
  class space    used 3508K, committed 3776K, reserved 1048576K
}
Event: 33.964 GC heap after
{Heap after GC invocations=12 (full 1):
 PSYoungGen      total 24064K, used 1856K [0x00000000eab00000, 0x00000000ec600000, 0x0000000100000000)
  eden space 22016K, 0% used [0x00000000eab00000,0x00000000eab00000,0x00000000ec080000)
  from space 2048K, 90% used [0x00000000ec100000,0x00000000ec2d0000,0x00000000ec300000)
  to   space 2560K, 0% used [0x00000000ec380000,0x00000000ec380000,0x00000000ec600000)
 ParOldGen       total 68608K, used 18204K [0x00000000c0000000, 0x00000000c4300000, 0x00000000eab00000)
  object space 68608K, 26% used [0x00000000c0000000,0x00000000c11c7280,0x00000000c4300000)
 Metaspace       used 34731K, committed 35328K, reserved 1081344K
  class space    used 3508K, committed 3776K, reserved 1048576K
}
Event: 34.208 GC heap before
{Heap before GC invocations=13 (full 1):
 PSYoungGen      total 24064K, used 23872K [0x00000000eab00000, 0x00000000ec600000, 0x0000000100000000)
  eden space 22016K, 100% used [0x00000000eab00000,0x00000000ec080000,0x00000000ec080000)
  from space 2048K, 90% used [0x00000000ec100000,0x00000000ec2d0000,0x00000000ec300000)
  to   space 2560K, 0% used [0x00000000ec380000,0x00000000ec380000,0x00000000ec600000)
 ParOldGen       total 68608K, used 18204K [0x00000000c0000000, 0x00000000c4300000, 0x00000000eab00000)
  object space 68608K, 26% used [0x00000000c0000000,0x00000000c11c7280,0x00000000c4300000)
 Metaspace       used 34785K, committed 35392K, reserved 1081344K
  class space    used 3520K, committed 3776K, reserved 1048576K
}
Event: 34.216 GC heap after
{Heap after GC invocations=13 (full 1):
 PSYoungGen      total 24576K, used 2528K [0x00000000eab00000, 0x00000000ec680000, 0x0000000100000000)
  eden space 22016K, 0% used [0x00000000eab00000,0x00000000eab00000,0x00000000ec080000)
  from space 2560K, 98% used [0x00000000ec380000,0x00000000ec5f8020,0x00000000ec600000)
  to   space 3072K, 0% used [0x00000000ec080000,0x00000000ec080000,0x00000000ec380000)
 ParOldGen       total 68608K, used 19996K [0x00000000c0000000, 0x00000000c4300000, 0x00000000eab00000)
  object space 68608K, 29% used [0x00000000c0000000,0x00000000c1387280,0x00000000c4300000)
 Metaspace       used 34785K, committed 35392K, reserved 1081344K
  class space    used 3520K, committed 3776K, reserved 1048576K
}
Event: 34.321 GC heap before
{Heap before GC invocations=14 (full 1):
 PSYoungGen      total 24576K, used 24544K [0x00000000eab00000, 0x00000000ec680000, 0x0000000100000000)
  eden space 22016K, 100% used [0x00000000eab00000,0x00000000ec080000,0x00000000ec080000)
  from space 2560K, 98% used [0x00000000ec380000,0x00000000ec5f8020,0x00000000ec600000)
  to   space 3072K, 0% used [0x00000000ec080000,0x00000000ec080000,0x00000000ec380000)
 ParOldGen       total 68608K, used 19996K [0x00000000c0000000, 0x00000000c4300000, 0x00000000eab00000)
  object space 68608K, 29% used [0x00000000c0000000,0x00000000c1387280,0x00000000c4300000)
 Metaspace       used 34785K, committed 35392K, reserved 1081344K
  class space    used 3520K, committed 3776K, reserved 1048576K
}
Event: 34.329 GC heap after
{Heap after GC invocations=14 (full 1):
 PSYoungGen      total 24576K, used 2112K [0x00000000eab00000, 0x00000000ec580000, 0x0000000100000000)
  eden space 22016K, 0% used [0x00000000eab00000,0x00000000eab00000,0x00000000ec080000)
  from space 2560K, 82% used [0x00000000ec080000,0x00000000ec290000,0x00000000ec300000)
  to   space 2560K, 0% used [0x00000000ec300000,0x00000000ec300000,0x00000000ec580000)
 ParOldGen       total 68608K, used 22401K [0x00000000c0000000, 0x00000000c4300000, 0x00000000eab00000)
  object space 68608K, 32% used [0x00000000c0000000,0x00000000c15e05f8,0x00000000c4300000)
 Metaspace       used 34785K, committed 35392K, reserved 1081344K
  class space    used 3520K, committed 3776K, reserved 1048576K
}
Event: 34.436 GC heap before
{Heap before GC invocations=15 (full 1):
 PSYoungGen      total 24576K, used 24128K [0x00000000eab00000, 0x00000000ec580000, 0x0000000100000000)
  eden space 22016K, 100% used [0x00000000eab00000,0x00000000ec080000,0x00000000ec080000)
  from space 2560K, 82% used [0x00000000ec080000,0x00000000ec290000,0x00000000ec300000)
  to   space 2560K, 0% used [0x00000000ec300000,0x00000000ec300000,0x00000000ec580000)
 ParOldGen       total 68608K, used 22401K [0x00000000c0000000, 0x00000000c4300000, 0x00000000eab00000)
  object space 68608K, 32% used [0x00000000c0000000,0x00000000c15e05f8,0x00000000c4300000)
 Metaspace       used 34785K, committed 35392K, reserved 1081344K
  class space    used 3520K, committed 3776K, reserved 1048576K
}
Event: 34.444 GC heap after
{Heap after GC invocations=15 (full 1):
 PSYoungGen      total 24576K, used 2304K [0x00000000eab00000, 0x00000000ec580000, 0x0000000100000000)
  eden space 22016K, 0% used [0x00000000eab00000,0x00000000eab00000,0x00000000ec080000)
  from space 2560K, 90% used [0x00000000ec300000,0x00000000ec540010,0x00000000ec580000)
  to   space 2560K, 0% used [0x00000000ec080000,0x00000000ec080000,0x00000000ec300000)
 ParOldGen       total 68608K, used 24401K [0x00000000c0000000, 0x00000000c4300000, 0x00000000eab00000)
  object space 68608K, 35% used [0x00000000c0000000,0x00000000c17d45f8,0x00000000c4300000)
 Metaspace       used 34785K, committed 35392K, reserved 1081344K
  class space    used 3520K, committed 3776K, reserved 1048576K
}
Event: 35.227 GC heap before
{Heap before GC invocations=16 (full 1):
 PSYoungGen      total 24576K, used 24320K [0x00000000eab00000, 0x00000000ec580000, 0x0000000100000000)
  eden space 22016K, 100% used [0x00000000eab00000,0x00000000ec080000,0x00000000ec080000)
  from space 2560K, 90% used [0x00000000ec300000,0x00000000ec540010,0x00000000ec580000)
  to   space 2560K, 0% used [0x00000000ec080000,0x00000000ec080000,0x00000000ec300000)
 ParOldGen       total 68608K, used 24401K [0x00000000c0000000, 0x00000000c4300000, 0x00000000eab00000)
  object space 68608K, 35% used [0x00000000c0000000,0x00000000c17d45f8,0x00000000c4300000)
 Metaspace       used 35096K, committed 35776K, reserved 1089536K
  class space    used 3552K, committed 3840K, reserved 1048576K
}
Event: 35.238 GC heap after
{Heap after GC invocations=16 (full 1):
 PSYoungGen      total 24576K, used 2532K [0x00000000eab00000, 0x00000000ecb80000, 0x0000000100000000)
  eden space 22016K, 0% used [0x00000000eab00000,0x00000000eab00000,0x00000000ec080000)
  from space 2560K, 98% used [0x00000000ec080000,0x00000000ec2f93d0,0x00000000ec300000)
  to   space 5632K, 0% used [0x00000000ec600000,0x00000000ec600000,0x00000000ecb80000)
 ParOldGen       total 68608K, used 26785K [0x00000000c0000000, 0x00000000c4300000, 0x00000000eab00000)
  object space 68608K, 39% used [0x00000000c0000000,0x00000000c1a28608,0x00000000c4300000)
 Metaspace       used 35096K, committed 35776K, reserved 1089536K
  class space    used 3552K, committed 3840K, reserved 1048576K
}
Event: 77.489 GC heap before
{Heap before GC invocations=17 (full 1):
 PSYoungGen      total 24576K, used 3347K [0x00000000eab00000, 0x00000000ecb80000, 0x0000000100000000)
  eden space 22016K, 3% used [0x00000000eab00000,0x00000000eabcb850,0x00000000ec080000)
  from space 2560K, 98% used [0x00000000ec080000,0x00000000ec2f93d0,0x00000000ec300000)
  to   space 5632K, 0% used [0x00000000ec600000,0x00000000ec600000,0x00000000ecb80000)
 ParOldGen       total 68608K, used 26785K [0x00000000c0000000, 0x00000000c4300000, 0x00000000eab00000)
  object space 68608K, 39% used [0x00000000c0000000,0x00000000c1a28608,0x00000000c4300000)
 Metaspace       used 35231K, committed 35840K, reserved 1089536K
  class space    used 3564K, committed 3840K, reserved 1048576K
}
Event: 77.508 GC heap after
{Heap after GC invocations=17 (full 1):
 PSYoungGen      total 22528K, used 160K [0x00000000eab00000, 0x00000000ec680000, 0x0000000100000000)
  eden space 22016K, 0% used [0x00000000eab00000,0x00000000eab00000,0x00000000ec080000)
  from space 512K, 31% used [0x00000000ec600000,0x00000000ec628000,0x00000000ec680000)
  to   space 2048K, 0% used [0x00000000ec280000,0x00000000ec280000,0x00000000ec480000)
 ParOldGen       total 68608K, used 29312K [0x00000000c0000000, 0x00000000c4300000, 0x00000000eab00000)
  object space 68608K, 42% used [0x00000000c0000000,0x00000000c1ca0298,0x00000000c4300000)
 Metaspace       used 35231K, committed 35840K, reserved 1089536K
  class space    used 3564K, committed 3840K, reserved 1048576K
}
Event: 77.508 GC heap before
{Heap before GC invocations=18 (full 2):
 PSYoungGen      total 22528K, used 160K [0x00000000eab00000, 0x00000000ec680000, 0x0000000100000000)
  eden space 22016K, 0% used [0x00000000eab00000,0x00000000eab00000,0x00000000ec080000)
  from space 512K, 31% used [0x00000000ec600000,0x00000000ec628000,0x00000000ec680000)
  to   space 2048K, 0% used [0x00000000ec280000,0x00000000ec280000,0x00000000ec480000)
 ParOldGen       total 68608K, used 29312K [0x00000000c0000000, 0x00000000c4300000, 0x00000000eab00000)
  object space 68608K, 42% used [0x00000000c0000000,0x00000000c1ca0298,0x00000000c4300000)
 Metaspace       used 35231K, committed 35840K, reserved 1089536K
  class space    used 3564K, committed 3840K, reserved 1048576K
}
Event: 77.709 GC heap after
{Heap after GC invocations=18 (full 2):
 PSYoungGen      total 22528K, used 0K [0x00000000eab00000, 0x00000000ec680000, 0x0000000100000000)
  eden space 22016K, 0% used [0x00000000eab00000,0x00000000eab00000,0x00000000ec080000)
  from space 512K, 0% used [0x00000000ec600000,0x00000000ec600000,0x00000000ec680000)
  to   space 2048K, 0% used [0x00000000ec280000,0x00000000ec280000,0x00000000ec480000)
 ParOldGen       total 68608K, used 28527K [0x00000000c0000000, 0x00000000c4300000, 0x00000000eab00000)
  object space 68608K, 41% used [0x00000000c0000000,0x00000000c1bdbcc0,0x00000000c4300000)
 Metaspace       used 35231K, committed 35840K, reserved 1089536K
  class space    used 3564K, committed 3840K, reserved 1048576K
}

Deoptimization events (20 events):
Event: 34.851 Thread 0x000001d32dbd0410 Uncommon trap: trap_request=0xffffffde fr.pc=0x000001d322a222fc relative=0x0000000000002bbc
Event: 34.851 Thread 0x000001d32dbd0410 Uncommon trap: reason=class_check action=maybe_recompile pc=0x000001d322a222fc method=org.eclipse.core.internal.watson.ElementTreeIterator.doIteration(Lorg/eclipse/core/internal/dtree/DataTreeNode;Lorg/eclipse/core/internal/watson/IElementContentVisitor;)
Event: 34.851 Thread 0x000001d32dbd0410 DEOPT PACKING pc=0x000001d322a222fc sp=0x0000001ab98fec60
Event: 34.851 Thread 0x000001d32dbd0410 DEOPT UNPACKING pc=0x000001d31ae620a3 sp=0x0000001ab98fec70 mode 2
Event: 34.853 Thread 0x000001d32dbd0410 Uncommon trap: trap_request=0xffffffde fr.pc=0x000001d322a222fc relative=0x0000000000002bbc
Event: 34.853 Thread 0x000001d32dbd0410 Uncommon trap: reason=class_check action=maybe_recompile pc=0x000001d322a222fc method=org.eclipse.core.internal.watson.ElementTreeIterator.doIteration(Lorg/eclipse/core/internal/dtree/DataTreeNode;Lorg/eclipse/core/internal/watson/IElementContentVisitor;)
Event: 34.853 Thread 0x000001d32dbd0410 DEOPT PACKING pc=0x000001d322a222fc sp=0x0000001ab98febd0
Event: 34.853 Thread 0x000001d32dbd0410 DEOPT UNPACKING pc=0x000001d31ae620a3 sp=0x0000001ab98febe0 mode 2
Event: 34.853 Thread 0x000001d32dbd0410 Uncommon trap: trap_request=0xffffffde fr.pc=0x000001d322a222fc relative=0x0000000000002bbc
Event: 34.853 Thread 0x000001d32dbd0410 Uncommon trap: reason=class_check action=maybe_recompile pc=0x000001d322a222fc method=org.eclipse.core.internal.watson.ElementTreeIterator.doIteration(Lorg/eclipse/core/internal/dtree/DataTreeNode;Lorg/eclipse/core/internal/watson/IElementContentVisitor;)
Event: 34.853 Thread 0x000001d32dbd0410 DEOPT PACKING pc=0x000001d322a222fc sp=0x0000001ab98febd0
Event: 34.853 Thread 0x000001d32dbd0410 DEOPT UNPACKING pc=0x000001d31ae620a3 sp=0x0000001ab98febe0 mode 2
Event: 34.853 Thread 0x000001d32dbd0410 Uncommon trap: trap_request=0xffffffde fr.pc=0x000001d322a222fc relative=0x0000000000002bbc
Event: 34.853 Thread 0x000001d32dbd0410 Uncommon trap: reason=class_check action=maybe_recompile pc=0x000001d322a222fc method=org.eclipse.core.internal.watson.ElementTreeIterator.doIteration(Lorg/eclipse/core/internal/dtree/DataTreeNode;Lorg/eclipse/core/internal/watson/IElementContentVisitor;)
Event: 34.853 Thread 0x000001d32dbd0410 DEOPT PACKING pc=0x000001d322a222fc sp=0x0000001ab98febd0
Event: 34.853 Thread 0x000001d32dbd0410 DEOPT UNPACKING pc=0x000001d31ae620a3 sp=0x0000001ab98febe0 mode 2
Event: 77.739 Thread 0x000001d32dbcdd90 Uncommon trap: trap_request=0xffffff45 fr.pc=0x000001d32290d934 relative=0x0000000000000474
Event: 77.739 Thread 0x000001d32dbcdd90 Uncommon trap: reason=unstable_if action=reinterpret pc=0x000001d32290d934 method=java.util.HashMap$HashIterator.<init>(Ljava/util/HashMap;)V @ 45 c2
Event: 77.740 Thread 0x000001d32dbcdd90 DEOPT PACKING pc=0x000001d32290d934 sp=0x0000001ab9ffe100
Event: 77.740 Thread 0x000001d32dbcdd90 DEOPT UNPACKING pc=0x000001d31ae620a3 sp=0x0000001ab9ffdf70 mode 2

Classes unloaded (7 events):
Event: 23.501 Thread 0x000001d32db41fd0 Unloading class 0x0000000100214800 'java/lang/invoke/LambdaForm$MH+0x0000000100214800'
Event: 23.502 Thread 0x000001d32db41fd0 Unloading class 0x0000000100214400 'java/lang/invoke/LambdaForm$MH+0x0000000100214400'
Event: 23.502 Thread 0x000001d32db41fd0 Unloading class 0x0000000100214000 'java/lang/invoke/LambdaForm$MH+0x0000000100214000'
Event: 23.502 Thread 0x000001d32db41fd0 Unloading class 0x0000000100213800 'java/lang/invoke/LambdaForm$MH+0x0000000100213800'
Event: 23.502 Thread 0x000001d32db41fd0 Unloading class 0x0000000100213400 'java/lang/invoke/LambdaForm$BMH+0x0000000100213400'
Event: 23.502 Thread 0x000001d32db41fd0 Unloading class 0x0000000100213000 'java/lang/invoke/LambdaForm$DMH+0x0000000100213000'
Event: 23.502 Thread 0x000001d32db41fd0 Unloading class 0x0000000100210400 'java/lang/invoke/LambdaForm$DMH+0x0000000100210400'

Classes redefined (0 events):
No events

Internal exceptions (20 events):
Event: 29.613 Thread 0x000001d32dbcf0d0 Exception <a 'java/lang/UnsatisfiedLinkError'{0x00000000eb43e7f0}: The specified procedure could not be found.
> (0x00000000eb43e7f0) 
thrown [s\src\hotspot\share\prims\jni.cpp, line 535]
Event: 29.632 Thread 0x000001d32dbcf0d0 Exception <a 'java/io/FileNotFoundException'{0x00000000eb461768}> (0x00000000eb461768) 
thrown [s\src\hotspot\share\prims\jni.cpp, line 516]
Event: 29.682 Thread 0x000001d32dbcf0d0 Exception <a 'java/io/FileNotFoundException'{0x00000000eb4d3d98}> (0x00000000eb4d3d98) 
thrown [s\src\hotspot\share\prims\jni.cpp, line 516]
Event: 29.740 Thread 0x000001d32dbcf0d0 Exception <a 'java/lang/UnsatisfiedLinkError'{0x00000000eb55eb38}: The specified procedure could not be found.
> (0x00000000eb55eb38) 
thrown [s\src\hotspot\share\prims\jni.cpp, line 535]
Event: 29.954 Thread 0x000001d318185220 Exception <a 'java/lang/NoSuchMethodError'{0x00000000eb7f9d80}: 'void java.lang.invoke.DirectMethodHandle$Holder.invokeStatic(java.lang.Object, java.lang.Object, java.lang.Object, java.lang.Object)'> (0x00000000eb7f9d80) 
thrown [s\src\hotspot\share\interpreter\linkResolver.cpp, line 759]
Event: 30.340 Thread 0x000001d318185220 Exception <a 'java/lang/NoSuchMethodError'{0x00000000ebf4e728}: 'void java.lang.invoke.DirectMethodHandle$Holder.invokeSpecial(java.lang.Object, java.lang.Object, java.lang.Object, java.lang.Object, java.lang.Object, java.lang.Object)'> (0x00000000ebf4e728) 
thrown [s\src\hotspot\share\interpreter\linkResolver.cpp, line 759]
Event: 30.342 Thread 0x000001d318185220 Exception <a 'java/lang/NoSuchMethodError'{0x00000000ebf561e8}: 'java.lang.Object java.lang.invoke.DirectMethodHandle$Holder.newInvokeSpecial(java.lang.Object, java.lang.Object, java.lang.Object, java.lang.Object, java.lang.Object)'> (0x00000000ebf561e8) 
thrown [s\src\hotspot\share\interpreter\linkResolver.cpp, line 759]
Event: 30.995 Thread 0x000001d32dbcdd90 Exception <a 'java/io/FileNotFoundException'{0x00000000eabd1dc0}> (0x00000000eabd1dc0) 
thrown [s\src\hotspot\share\prims\jni.cpp, line 516]
Event: 31.425 Thread 0x000001d32dbcdd90 Exception <a 'java/lang/NoSuchMethodError'{0x00000000eb0a2208}: 'int java.lang.invoke.DirectMethodHandle$Holder.invokeVirtual(java.lang.Object, java.lang.Object)'> (0x00000000eb0a2208) 
thrown [s\src\hotspot\share\interpreter\linkResolver.cpp, line 759]
Event: 32.361 Thread 0x000001d32dbd0410 Exception <a 'java/lang/NoSuchMethodError'{0x00000000eba80a18}: 'java.lang.Object java.lang.invoke.Invokers$Holder.invoke_MT(java.lang.Object, java.lang.Object, java.lang.Object)'> (0x00000000eba80a18) 
thrown [s\src\hotspot\share\interpreter\linkResolver.cpp, line 759]
Event: 33.267 Thread 0x000001d32dbd0410 Exception <a 'java/io/FileNotFoundException'{0x00000000ebbce788}> (0x00000000ebbce788) 
thrown [s\src\hotspot\share\prims\jni.cpp, line 516]
Event: 33.272 Thread 0x000001d32dbd0410 Exception <a 'java/io/FileNotFoundException'{0x00000000ebbd0088}> (0x00000000ebbd0088) 
thrown [s\src\hotspot\share\prims\jni.cpp, line 516]
Event: 33.278 Thread 0x000001d32dbd0410 Exception <a 'java/lang/NoSuchMethodError'{0x00000000ebbdc4e0}: 'void java.lang.invoke.DirectMethodHandle$Holder.invokeStaticInit(java.lang.Object, java.lang.Object, java.lang.Object)'> (0x00000000ebbdc4e0) 
thrown [s\src\hotspot\share\interpreter\linkResolver.cpp, line 759]
Event: 34.849 Thread 0x000001d32dbd0410 Exception <a 'java/lang/NoSuchMethodError'{0x00000000ebe9ce80}: 'java.lang.Object java.lang.invoke.DirectMethodHandle$Holder.newInvokeSpecial(java.lang.Object, java.lang.Object, java.lang.Object, int, java.lang.Object)'> (0x00000000ebe9ce80) 
thrown [s\src\hotspot\share\interpreter\linkResolver.cpp, line 759]
Event: 34.850 Thread 0x000001d32dbd0410 Exception <a 'java/lang/NoSuchMethodError'{0x00000000ebea1030}: 'java.lang.Object java.lang.invoke.DirectMethodHandle$Holder.invokeSpecial(java.lang.Object, java.lang.Object, java.lang.Object, java.lang.Object, int, java.lang.Object)'> (0x00000000ebea1030) 
thrown [s\src\hotspot\share\interpreter\linkResolver.cpp, line 759]
Event: 69.942 Thread 0x000001d32dbd1280 Exception <a 'java/lang/NoSuchMethodError'{0x00000000eab4d868}: 'java.lang.Object java.lang.invoke.DirectMethodHandle$Holder.invokeStatic(java.lang.Object, java.lang.Object, long, java.lang.Object)'> (0x00000000eab4d868) 
thrown [s\src\hotspot\share\interpreter\linkResolver.cpp, line 759]
Event: 69.946 Thread 0x000001d32dbd1280 Exception <a 'java/lang/NoSuchMethodError'{0x00000000eab51058}: 'java.lang.Object java.lang.invoke.DirectMethodHandle$Holder.invokeStaticInit(java.lang.Object, java.lang.Object, long, java.lang.Object)'> (0x00000000eab51058) 
thrown [s\src\hotspot\share\interpreter\linkResolver.cpp, line 759]
Event: 69.950 Thread 0x000001d32dbd1280 Exception <a 'java/lang/NoSuchMethodError'{0x00000000eab573c0}: 'java.lang.Object java.lang.invoke.DirectMethodHandle$Holder.newInvokeSpecial(java.lang.Object, java.lang.Object, long)'> (0x00000000eab573c0) 
thrown [s\src\hotspot\share\interpreter\linkResolver.cpp, line 759]
Event: 69.952 Thread 0x000001d32dbd1280 Exception <a 'java/lang/NoSuchMethodError'{0x00000000eab5b1a0}: 'java.lang.Object java.lang.invoke.Invokers$Holder.linkToTargetMethod(java.lang.Object, long, java.lang.Object)'> (0x00000000eab5b1a0) 
thrown [s\src\hotspot\share\interpreter\linkResolver.cpp, line 759]
Event: 77.718 Thread 0x000001d32dbcdd90 Exception <a 'java/lang/NoSuchMethodError'{0x00000000eab0c588}: 'java.lang.Object java.lang.invoke.DirectMethodHandle$Holder.invokeInterface(java.lang.Object, java.lang.Object, java.lang.Object)'> (0x00000000eab0c588) 
thrown [s\src\hotspot\share\interpreter\linkResolver.cpp, line 759]

VM Operations (20 events):
Event: 34.321 Executing VM operation: ParallelGCFailedAllocation
Event: 34.329 Executing VM operation: ParallelGCFailedAllocation done
Event: 34.436 Executing VM operation: ParallelGCFailedAllocation
Event: 34.444 Executing VM operation: ParallelGCFailedAllocation done
Event: 34.718 Executing VM operation: HandshakeAllThreads
Event: 34.753 Executing VM operation: HandshakeAllThreads done
Event: 34.848 Executing VM operation: HandshakeAllThreads
Event: 34.848 Executing VM operation: HandshakeAllThreads done
Event: 35.227 Executing VM operation: ParallelGCFailedAllocation
Event: 35.239 Executing VM operation: ParallelGCFailedAllocation done
Event: 36.245 Executing VM operation: Cleanup
Event: 36.245 Executing VM operation: Cleanup done
Event: 77.488 Executing VM operation: CollectForMetadataAllocation
Event: 77.709 Executing VM operation: CollectForMetadataAllocation done
Event: 78.710 Executing VM operation: Cleanup
Event: 78.833 Executing VM operation: Cleanup done
Event: 79.840 Executing VM operation: Cleanup
Event: 79.841 Executing VM operation: Cleanup done
Event: 80.851 Executing VM operation: Cleanup
Event: 80.851 Executing VM operation: Cleanup done

Events (20 events):
Event: 32.995 loading class java/nio/channels/NonWritableChannelException done
Event: 32.995 loading class sun/nio/ch/ChannelInputStream
Event: 32.996 loading class sun/nio/ch/ChannelInputStream done
Event: 32.996 loading class java/nio/channels/SelectableChannel
Event: 32.997 loading class java/nio/channels/SelectableChannel done
Event: 33.690 Thread 0x000001d32dbce260 Thread added: 0x000001d32dbce260
Event: 69.896 loading class java/lang/ProcessHandle
Event: 69.906 loading class java/lang/ProcessHandle done
Event: 69.907 loading class java/lang/ProcessHandleImpl
Event: 69.918 loading class java/lang/ProcessHandleImpl done
Event: 77.445 loading class jdk/internal/reflect/UnsafeIntegerFieldAccessorImpl
Event: 77.449 loading class jdk/internal/reflect/UnsafeIntegerFieldAccessorImpl done
Event: 77.791 loading class sun/nio/cs/ThreadLocalCoders
Event: 77.794 loading class sun/nio/cs/ThreadLocalCoders done
Event: 77.794 loading class sun/nio/cs/ThreadLocalCoders$1
Event: 77.794 loading class sun/nio/cs/ThreadLocalCoders$Cache
Event: 77.795 loading class sun/nio/cs/ThreadLocalCoders$Cache done
Event: 77.795 loading class sun/nio/cs/ThreadLocalCoders$1 done
Event: 77.795 loading class sun/nio/cs/ThreadLocalCoders$2
Event: 77.796 loading class sun/nio/cs/ThreadLocalCoders$2 done


Dynamic libraries:
0x00007ff7ace00000 - 0x00007ff7ace0e000 	c:\Users\ANSAF\.antigravity\extensions\redhat.java-1.12.0-win32-x64\jre\17.0.4.1-win32-x86_64\bin\java.exe
0x00007ff9a4c40000 - 0x00007ff9a4ea8000 	C:\WINDOWS\SYSTEM32\ntdll.dll
0x00007ff9a3190000 - 0x00007ff9a3259000 	C:\WINDOWS\System32\KERNEL32.DLL
0x00007ff9a22a0000 - 0x00007ff9a2691000 	C:\WINDOWS\System32\KERNELBASE.dll
0x00007ff9a2750000 - 0x00007ff9a289b000 	C:\WINDOWS\System32\ucrtbase.dll
0x00007ff97a1e0000 - 0x00007ff97a1f9000 	c:\Users\ANSAF\.antigravity\extensions\redhat.java-1.12.0-win32-x64\jre\17.0.4.1-win32-x86_64\bin\VCRUNTIME140.dll
0x00007ff97b250000 - 0x00007ff97b268000 	c:\Users\ANSAF\.antigravity\extensions\redhat.java-1.12.0-win32-x64\jre\17.0.4.1-win32-x86_64\bin\jli.dll
0x00007ff9a29e0000 - 0x00007ff9a2ba6000 	C:\WINDOWS\System32\USER32.dll
0x00007ff9a2270000 - 0x00007ff9a2297000 	C:\WINDOWS\System32\win32u.dll
0x00007ff97c7d0000 - 0x00007ff97ca63000 	C:\WINDOWS\WinSxS\amd64_microsoft.windows.common-controls_6595b64144ccf1df_6.0.26100.7824_none_3e0870b2e3345462\COMCTL32.dll
0x00007ff9a4620000 - 0x00007ff9a464b000 	C:\WINDOWS\System32\GDI32.dll
0x00007ff9a1520000 - 0x00007ff9a164b000 	C:\WINDOWS\System32\gdi32full.dll
0x00007ff9a2bb0000 - 0x00007ff9a2c59000 	C:\WINDOWS\System32\msvcrt.dll
0x00007ff9a26a0000 - 0x00007ff9a2743000 	C:\WINDOWS\System32\msvcp_win.dll
0x00007ff9a3460000 - 0x00007ff9a3491000 	C:\WINDOWS\System32\IMM32.DLL
0x00007ff99bbf0000 - 0x00007ff99bbfc000 	c:\Users\ANSAF\.antigravity\extensions\redhat.java-1.12.0-win32-x64\jre\17.0.4.1-win32-x86_64\bin\vcruntime140_1.dll
0x00007ff96cf70000 - 0x00007ff96d001000 	c:\Users\ANSAF\.antigravity\extensions\redhat.java-1.12.0-win32-x64\jre\17.0.4.1-win32-x86_64\bin\msvcp140.dll
0x00007ff9075b0000 - 0x00007ff9081f6000 	c:\Users\ANSAF\.antigravity\extensions\redhat.java-1.12.0-win32-x64\jre\17.0.4.1-win32-x86_64\bin\server\jvm.dll
0x00007ff9a3b70000 - 0x00007ff9a3c24000 	C:\WINDOWS\System32\ADVAPI32.dll
0x00007ff9a30e0000 - 0x00007ff9a3186000 	C:\WINDOWS\System32\sechost.dll
0x00007ff9a39e0000 - 0x00007ff9a3af8000 	C:\WINDOWS\System32\RPCRT4.dll
0x00007ff9a2c60000 - 0x00007ff9a2c68000 	C:\WINDOWS\System32\PSAPI.DLL
0x00007ff8e47f0000 - 0x00007ff8e47fa000 	C:\WINDOWS\SYSTEM32\WSOCK32.dll
0x00007ff9a4b70000 - 0x00007ff9a4be4000 	C:\WINDOWS\System32\WS2_32.dll
0x00007ff9949e0000 - 0x00007ff994a15000 	C:\WINDOWS\SYSTEM32\WINMM.dll
0x00007ff997040000 - 0x00007ff99704b000 	C:\WINDOWS\SYSTEM32\VERSION.dll
0x00007ff9a02c0000 - 0x00007ff9a02db000 	C:\WINDOWS\SYSTEM32\kernel.appcore.dll
0x00007ff99baa0000 - 0x00007ff99baaa000 	c:\Users\ANSAF\.antigravity\extensions\redhat.java-1.12.0-win32-x64\jre\17.0.4.1-win32-x86_64\bin\jimage.dll
0x00007ff99f4b0000 - 0x00007ff99f6f2000 	C:\WINDOWS\SYSTEM32\DBGHELP.DLL
0x00007ff9a3560000 - 0x00007ff9a38e6000 	C:\WINDOWS\System32\combase.dll
0x00007ff9a38f0000 - 0x00007ff9a39c7000 	C:\WINDOWS\System32\OLEAUT32.dll
0x00007ff975bb0000 - 0x00007ff975beb000 	C:\WINDOWS\SYSTEM32\dbgcore.DLL
0x00007ff9a28a0000 - 0x00007ff9a2945000 	C:\WINDOWS\System32\bcryptPrimitives.dll
0x00007ff999e90000 - 0x00007ff999e9e000 	c:\Users\ANSAF\.antigravity\extensions\redhat.java-1.12.0-win32-x64\jre\17.0.4.1-win32-x86_64\bin\instrument.dll
0x00007ff96fdb0000 - 0x00007ff96fdd5000 	c:\Users\ANSAF\.antigravity\extensions\redhat.java-1.12.0-win32-x64\jre\17.0.4.1-win32-x86_64\bin\java.dll
0x00007ff97a0e0000 - 0x00007ff97a0f8000 	c:\Users\ANSAF\.antigravity\extensions\redhat.java-1.12.0-win32-x64\jre\17.0.4.1-win32-x86_64\bin\zip.dll
0x00007ff9a3c30000 - 0x00007ff9a4382000 	C:\WINDOWS\System32\SHELL32.dll
0x00007ff9a17d0000 - 0x00007ff9a193a000 	C:\WINDOWS\System32\wintypes.dll
0x00007ff9a1a00000 - 0x00007ff9a2263000 	C:\WINDOWS\System32\windows.storage.dll
0x00007ff9a2f60000 - 0x00007ff9a3056000 	C:\WINDOWS\System32\SHCORE.dll
0x00007ff9a3b00000 - 0x00007ff9a3b67000 	C:\WINDOWS\System32\shlwapi.dll
0x00007ff9a1440000 - 0x00007ff9a1469000 	C:\WINDOWS\SYSTEM32\profapi.dll
0x00007ff96fd90000 - 0x00007ff96fda9000 	C:\Users\ANSAF\.antigravity\extensions\redhat.java-1.12.0-win32-x64\jre\17.0.4.1-win32-x86_64\bin\net.dll
0x00007ff9993e0000 - 0x00007ff999507000 	C:\WINDOWS\SYSTEM32\WINHTTP.dll
0x00007ff9a08a0000 - 0x00007ff9a090b000 	C:\WINDOWS\system32\mswsock.dll
0x00007ff96fd70000 - 0x00007ff96fd85000 	C:\Users\ANSAF\.antigravity\extensions\redhat.java-1.12.0-win32-x64\jre\17.0.4.1-win32-x86_64\bin\nio.dll
0x00007ff999d20000 - 0x00007ff999d30000 	c:\Users\ANSAF\.antigravity\extensions\redhat.java-1.12.0-win32-x64\jre\17.0.4.1-win32-x86_64\bin\verify.dll
0x00007ff96cf00000 - 0x00007ff96cf3e000 	C:\Users\ANSAF\AppData\Roaming\Antigravity\User\globalStorage\redhat.java\1.12.0\config_ss_win\org.eclipse.equinox.launcher\org.eclipse.equinox.launcher.win32.win32.x86_64_1.2.600.v20220720-1916\eclipse_11700.dll
0x00007ff9a4430000 - 0x00007ff9a45c7000 	C:\WINDOWS\System32\ole32.dll
0x00007ff9a0c20000 - 0x00007ff9a0c3b000 	C:\WINDOWS\SYSTEM32\CRYPTSP.dll
0x00007ff9a0220000 - 0x00007ff9a0259000 	C:\WINDOWS\system32\rsaenh.dll
0x00007ff9a0990000 - 0x00007ff9a09bb000 	C:\WINDOWS\SYSTEM32\USERENV.dll
0x00007ff9a1410000 - 0x00007ff9a143a000 	C:\WINDOWS\SYSTEM32\bcrypt.dll
0x00007ff9a0c40000 - 0x00007ff9a0c4c000 	C:\WINDOWS\SYSTEM32\CRYPTBASE.dll
0x00007ff99fd70000 - 0x00007ff99fda4000 	C:\WINDOWS\SYSTEM32\IPHLPAPI.DLL
0x00007ff9a4bf0000 - 0x00007ff9a4bfa000 	C:\WINDOWS\System32\NSI.dll
0x00007ff999930000 - 0x00007ff99994e000 	C:\WINDOWS\SYSTEM32\dhcpcsvc6.DLL
0x00007ff999900000 - 0x00007ff999923000 	C:\WINDOWS\SYSTEM32\dhcpcsvc.DLL
0x00007ff99fdb0000 - 0x00007ff99fedc000 	C:\WINDOWS\SYSTEM32\DNSAPI.dll
0x00007ff96b8b0000 - 0x00007ff96b8f0000 	C:\Users\ANSAF\AppData\Local\Temp\jna-62434411\jna11963162683605147838.dll

dbghelp: loaded successfully - version: 4.0.5 - missing functions: none
symbol engine: initialized successfully - sym options: 0x614 - pdb path: .;c:\Users\ANSAF\.antigravity\extensions\redhat.java-1.12.0-win32-x64\jre\17.0.4.1-win32-x86_64\bin;C:\WINDOWS\SYSTEM32;C:\WINDOWS\WinSxS\amd64_microsoft.windows.common-controls_6595b64144ccf1df_6.0.26100.7824_none_3e0870b2e3345462;c:\Users\ANSAF\.antigravity\extensions\redhat.java-1.12.0-win32-x64\jre\17.0.4.1-win32-x86_64\bin\server;C:\Users\ANSAF\AppData\Roaming\Antigravity\User\globalStorage\redhat.java\1.12.0\config_ss_win\org.eclipse.equinox.launcher\org.eclipse.equinox.launcher.win32.win32.x86_64_1.2.600.v20220720-1916;C:\Users\ANSAF\AppData\Local\Temp\jna-62434411

VM Arguments:
jvm_args: --add-modules=ALL-SYSTEM --add-opens=java.base/java.util=ALL-UNNAMED --add-opens=java.base/java.lang=ALL-UNNAMED --add-opens=java.base/sun.nio.fs=ALL-UNNAMED -Declipse.application=org.eclipse.jdt.ls.core.id1 -Dosgi.bundles.defaultStartLevel=4 -Declipse.product=org.eclipse.jdt.ls.core.product -Djava.import.generatesMetadataFilesAtProjectRoot=false -Dfile.encoding=utf8 -XX:+UseParallelGC -XX:GCTimeRatio=4 -XX:AdaptiveSizePolicyWeight=90 -Dsun.zip.disableMemoryMapping=true -Xmx1G -Xms100m -Xlog:disable -javaagent:c:\Users\ANSAF\.antigravity\extensions\redhat.java-1.12.0-win32-x64\lombok\lombok-1.18.24.jar 
java_command: c:\Users\ANSAF\.antigravity\extensions\redhat.java-1.12.0-win32-x64\server\plugins\org.eclipse.equinox.launcher_1.6.400.v20210924-0641.jar -configuration c:\Users\ANSAF\AppData\Roaming\Antigravity\User\globalStorage\redhat.java\1.12.0\config_ss_win -data c:\Users\ANSAF\AppData\Roaming\Antigravity\User\workspaceStorage\1edba422f8148d5b498ae3287b6bc979\redhat.java\ss_ws
java_class_path (initial): c:\Users\ANSAF\.antigravity\extensions\redhat.java-1.12.0-win32-x64\server\plugins\org.eclipse.equinox.launcher_1.6.400.v20210924-0641.jar
Launcher Type: SUN_STANDARD

[Global flags]
    uintx AdaptiveSizePolicyWeight                 = 90                                        {product} {command line}
     intx CICompilerCount                          = 4                                         {product} {ergonomic}
    uintx GCTimeRatio                              = 4                                         {product} {command line}
   size_t InitialHeapSize                          = 104857600                                 {product} {command line}
   size_t MaxHeapSize                              = 1073741824                                {product} {command line}
   size_t MaxNewSize                               = 357564416                                 {product} {ergonomic}
   size_t MinHeapDeltaBytes                        = 524288                                    {product} {ergonomic}
   size_t MinHeapSize                              = 104857600                                 {product} {command line}
   size_t NewSize                                  = 34603008                                  {product} {ergonomic}
    uintx NonNMethodCodeHeapSize                   = 5839372                                {pd product} {ergonomic}
    uintx NonProfiledCodeHeapSize                  = 122909434                              {pd product} {ergonomic}
   size_t OldSize                                  = 70254592                                  {product} {ergonomic}
    uintx ProfiledCodeHeapSize                     = 122909434                              {pd product} {ergonomic}
    uintx ReservedCodeCacheSize                    = 251658240                              {pd product} {ergonomic}
     bool SegmentedCodeCache                       = true                                      {product} {ergonomic}
   size_t SoftMaxHeapSize                          = 1073741824                             {manageable} {ergonomic}
     bool UseCompressedClassPointers               = true                           {product lp64_product} {ergonomic}
     bool UseCompressedOops                        = true                           {product lp64_product} {ergonomic}
     bool UseLargePagesIndividualAllocation        = false                                  {pd product} {ergonomic}
     bool UseParallelGC                            = true                                      {product} {command line}

Logging:
Log output configuration:
 #0: stdout all=off uptime,level,tags
 #1: stderr all=off uptime,level,tags

Environment Variables:
JAVA_HOME="C:\Program Files\Java\jdk-21"
PATH=C:\Program Files\Common Files\Oracle\Java\javapath;C:\windows\system32;C:\windows;C:\windows\System32\Wbem;C:\windows\System32\WindowsPowerShell\v1.0\;C:\windows\System32\OpenSSH\;C:\Program Files (x86)\NVIDIA Corporation\PhysX\Common;C:\Program Files\NVIDIA Corporation\NVIDIA NvDLISR;C:\Users\Administrator\AppData\Local\Microsoft\WindowsApps;C:\Program Files\HP\OMEN-Broadcast\Common;C:\Program Files\nodejs\;C:\WINDOWS\system32;C:\WINDOWS;C:\WINDOWS\System32\Wbem;C:\WINDOWS\System32\WindowsPowerShell\v1.0\;C:\WINDOWS\System32\OpenSSH\;C:\Program Files (x86)\Bitvise SSH Client;C:\Program Files\Git\cmd;C:\Users\ANSAF\AppData\Local\Programs\Python\Python313;C:\Users\ANSAF\AppData\Local\Programs\Python\Python313\Scripts;C:\Users\ANSAF\AppData\Local\Programs\Python\Python313\Scripts\;C:\Users\ANSAF\AppData\Local\Programs\Python\Python313\;C:\Users\ANSAF\AppData\Local\Programs\Python\Launcher\;C:\Users\ANSAF\AppData\Local\Microsoft\WindowsApps;C:\intelFPGA\18.1\modelsim_ase\win32aloem;C:\Users\ANSAF\AppData\Roaming\npm;C:\msys64\ucrt64\bin;C:\Users\ANSAF\AppData\Local\Programs\Microsoft VS Code\bin;C:\Users\ANSAF\AppData\Local\Programs\Antigravity\bin;C:\Users\ANSAF\AppData\Local\GitHubDesktop\bin
USERNAME=ANSAF
OS=Windows_NT
PROCESSOR_IDENTIFIER=Intel64 Family 6 Model 154 Stepping 3, GenuineIntel
TMP=C:\Users\ANSAF\AppData\Local\Temp
TEMP=C:\Users\ANSAF\AppData\Local\Temp



---------------  S Y S T E M  ---------------

OS:
 Windows 11 , 64 bit Build 26100 (10.0.26100.7705)
OS uptime: 1 days 1:05 hours
Hyper-V role detected

CPU: total 12 (initial active 12) (6 cores per cpu, 2 threads per core) family 6 model 154 stepping 3 microcode 0x434, cx8, cmov, fxsr, ht, mmx, 3dnowpref, sse, sse2, sse3, ssse3, sse4.1, sse4.2, popcnt, lzcnt, tsc, tscinvbit, avx, avx2, aes, erms, clmul, bmi1, bmi2, adx, sha, fma, vzeroupper, clflush, clflushopt, clwb, hv

Memory: 4k page, system-wide physical 7832M (421M free)
TotalPageFile size 25866M (AvailPageFile size 1M)
current process WorkingSet (physical memory assigned to process): 95M, peak: 136M
current process commit charge ("private bytes"): 241M, peak: 261M

vm_info: OpenJDK 64-Bit Server VM (17.0.4.1+1) for windows-amd64 JRE (17.0.4.1+1), built on Aug 17 2022 07:42:43 by "temurin" with MS VC++ 16.7 (VS2019)

END.
