#
# There is insufficient memory for the Java Runtime Environment to continue.
# Native memory allocation (malloc) failed to allocate 1603200 bytes for Chunk::new
# Possible reasons:
#   The system is out of physical RAM or swap space
#   The process is running with CompressedOops enabled, and the Java Heap may be blocking the growth of the native heap
# Possible solutions:
#   Reduce memory load on the system
#   Increase physical memory or swap space
#   Check if swap backing store is full
#   Decrease Java heap size (-Xmx/-Xms)
#   Decrease number of Java threads
#   Decrease Java thread stack sizes (-Xss)
#   Set larger code cache with -XX:ReservedCodeCacheSize=
#   JVM is running with Unscaled Compressed Oops mode in which the Java heap is
#     placed in the first 4GB address space. The Java Heap base address is the
#     maximum limit for the native heap growth. Please use -XX:HeapBaseMinAddress
#     to set the Java Heap base and to place the Java Heap above 4GB virtual address.
# This output file may be truncated or incomplete.
#
#  Out of Memory Error (arena.cpp:189), pid=10160, tid=27696
#
# JRE version: OpenJDK Runtime Environment Temurin-17.0.4.1+1 (17.0.4.1+1) (build 17.0.4.1+1)
# Java VM: OpenJDK 64-Bit Server VM Temurin-17.0.4.1+1 (17.0.4.1+1, mixed mode, tiered, compressed oops, compressed class ptrs, parallel gc, windows-amd64)
# No core dump will be written. Minidumps are not enabled by default on client versions of Windows
#

---------------  S U M M A R Y ------------

Command Line: --add-modules=ALL-SYSTEM --add-opens=java.base/java.util=ALL-UNNAMED --add-opens=java.base/java.lang=ALL-UNNAMED --add-opens=java.base/sun.nio.fs=ALL-UNNAMED -Declipse.application=org.eclipse.jdt.ls.core.id1 -Dosgi.bundles.defaultStartLevel=4 -Declipse.product=org.eclipse.jdt.ls.core.product -Djava.import.generatesMetadataFilesAtProjectRoot=false -Dfile.encoding=utf8 -XX:+UseParallelGC -XX:GCTimeRatio=4 -XX:AdaptiveSizePolicyWeight=90 -Dsun.zip.disableMemoryMapping=true -Xmx1G -Xms100m -Xlog:disable -javaagent:c:\Users\ANSAF\.antigravity\extensions\redhat.java-1.12.0-win32-x64\lombok\lombok-1.18.24.jar -XX:+HeapDumpOnOutOfMemoryError -XX:HeapDumpPath=c:\Users\ANSAF\AppData\Roaming\Antigravity\User\workspaceStorage\1edba422f8148d5b498ae3287b6bc979\redhat.java c:\Users\ANSAF\.antigravity\extensions\redhat.java-1.12.0-win32-x64\server\plugins\org.eclipse.equinox.launcher_1.6.400.v20210924-0641.jar -configuration c:\Users\ANSAF\AppData\Roaming\Antigravity\User\globalStorage\redhat.java\1.12.0\config_win -data c:\Users\ANSAF\AppData\Roaming\Antigravity\User\workspaceStorage\1edba422f8148d5b498ae3287b6bc979\redhat.java\jdt_ws

Host: 12th Gen Intel(R) Core(TM) i5-12450H, 12 cores, 7G,  Windows 11 , 64 bit Build 26100 (10.0.26100.7705)
Time: Fri Mar  6 19:11:23 2026 India Standard Time elapsed time: 74.142306 seconds (0d 0h 1m 14s)

---------------  T H R E A D  ---------------

Current thread (0x0000021bc0afe5e0):  JavaThread "C2 CompilerThread0" daemon [_thread_in_native, id=27696, stack(0x00000022c7100000,0x00000022c7200000)]


Current CompileTask:
C2:  74142 6127  s    4       jdk.internal.jimage.ImageReader$SharedImageReader::findNode (36 bytes)

Stack: [0x00000022c7100000,0x00000022c7200000]
Native frames: (J=compiled Java code, j=interpreted, Vv=VM code, C=native code)
V  [jvm.dll+0x67731a]
V  [jvm.dll+0x832284]
V  [jvm.dll+0x833a2e]
V  [jvm.dll+0x834093]
V  [jvm.dll+0x245775]
V  [jvm.dll+0xabd7b]
V  [jvm.dll+0xac30c]
V  [jvm.dll+0x363a97]
V  [jvm.dll+0x32e011]
V  [jvm.dll+0x32d4ba]
V  [jvm.dll+0x218681]
V  [jvm.dll+0x217aa1]
V  [jvm.dll+0x1a3f8d]
V  [jvm.dll+0x227498]
V  [jvm.dll+0x2255e5]
V  [jvm.dll+0x7e7e9b]
V  [jvm.dll+0x7e240a]
V  [jvm.dll+0x6761a5]
C  [ucrtbase.dll+0x37b0]
C  [KERNEL32.DLL+0x2e8d7]
C  [ntdll.dll+0x8c40c]


---------------  P R O C E S S  ---------------

Threads class SMR info:
_java_thread_list=0x0000021bc56fe410, length=27, elements={
0x0000021bacc75f50, 0x0000021bacd36fe0, 0x0000021bacd397e0, 0x0000021bc0af9430,
0x0000021bc0af9cf0, 0x0000021bc0afa5b0, 0x0000021bc0afce80, 0x0000021bc0afe5e0,
0x0000021bc26d0630, 0x0000021bc26e55e0, 0x0000021bc2831c40, 0x0000021bc3d1cf00,
0x0000021bc4425380, 0x0000021bc4283010, 0x0000021bc42834e0, 0x0000021bc27ba8b0,
0x0000021bc5164550, 0x0000021bc5163bb0, 0x0000021bc5161a00, 0x0000021bc5161530,
0x0000021bc5162d40, 0x0000021bc51636e0, 0x0000021bc5164a20, 0x0000021bc5163210,
0x0000021bc5161ed0, 0x0000021bc7643d20, 0x0000021bc76411d0
}

Java Threads: ( => current thread )
  0x0000021bacc75f50 JavaThread "main" [_thread_blocked, id=21708, stack(0x00000022c6800000,0x00000022c6900000)]
  0x0000021bacd36fe0 JavaThread "Reference Handler" daemon [_thread_blocked, id=27892, stack(0x00000022c6b00000,0x00000022c6c00000)]
  0x0000021bacd397e0 JavaThread "Finalizer" daemon [_thread_blocked, id=26348, stack(0x00000022c6c00000,0x00000022c6d00000)]
  0x0000021bc0af9430 JavaThread "Signal Dispatcher" daemon [_thread_blocked, id=30476, stack(0x00000022c6d00000,0x00000022c6e00000)]
  0x0000021bc0af9cf0 JavaThread "Attach Listener" daemon [_thread_blocked, id=32972, stack(0x00000022c6e00000,0x00000022c6f00000)]
  0x0000021bc0afa5b0 JavaThread "Service Thread" daemon [_thread_blocked, id=21472, stack(0x00000022c6f00000,0x00000022c7000000)]
  0x0000021bc0afce80 JavaThread "Monitor Deflation Thread" daemon [_thread_blocked, id=24040, stack(0x00000022c7000000,0x00000022c7100000)]
=>0x0000021bc0afe5e0 JavaThread "C2 CompilerThread0" daemon [_thread_in_native, id=27696, stack(0x00000022c7100000,0x00000022c7200000)]
  0x0000021bc26d0630 JavaThread "C1 CompilerThread0" daemon [_thread_blocked, id=11976, stack(0x00000022c7200000,0x00000022c7300000)]
  0x0000021bc26e55e0 JavaThread "Sweeper thread" daemon [_thread_blocked, id=24472, stack(0x00000022c7300000,0x00000022c7400000)]
  0x0000021bc2831c40 JavaThread "Common-Cleaner" daemon [_thread_blocked, id=10280, stack(0x00000022c7400000,0x00000022c7500000)]
  0x0000021bc3d1cf00 JavaThread "Notification Thread" daemon [_thread_blocked, id=10752, stack(0x00000022c7500000,0x00000022c7600000)]
  0x0000021bc4425380 JavaThread "Active Thread: Equinox Container: 935aee8f-048f-49d6-8a6b-79735fe968d2" [_thread_blocked, id=23184, stack(0x00000022c7d00000,0x00000022c7e00000)]
  0x0000021bc4283010 JavaThread "Framework Event Dispatcher: Equinox Container: 935aee8f-048f-49d6-8a6b-79735fe968d2" daemon [_thread_blocked, id=12636, stack(0x00000022c7c00000,0x00000022c7d00000)]
  0x0000021bc42834e0 JavaThread "Start Level: Equinox Container: 935aee8f-048f-49d6-8a6b-79735fe968d2" daemon [_thread_blocked, id=22316, stack(0x00000022c7e00000,0x00000022c7f00000)]
  0x0000021bc27ba8b0 JavaThread "SCR Component Actor" daemon [_thread_blocked, id=20860, stack(0x00000022c7f00000,0x00000022c8000000)]
  0x0000021bc5164550 JavaThread "Worker-JM" [_thread_blocked, id=14152, stack(0x00000022c8300000,0x00000022c8400000)]
  0x0000021bc5163bb0 JavaThread "Worker-0" [_thread_blocked, id=26404, stack(0x00000022c8600000,0x00000022c8700000)]
  0x0000021bc5161a00 JavaThread "Worker-1: Refreshing workspace" [_thread_blocked, id=18000, stack(0x00000022c8700000,0x00000022c8800000)]
  0x0000021bc5161530 JavaThread "Worker-2" [_thread_blocked, id=14804, stack(0x00000022c8800000,0x00000022c8900000)]
  0x0000021bc5162d40 JavaThread "Worker-3" [_thread_blocked, id=32896, stack(0x00000022c8900000,0x00000022c8a00000)]
  0x0000021bc51636e0 JavaThread "Java indexing" daemon [_thread_blocked, id=31100, stack(0x00000022c8200000,0x00000022c8300000)]
  0x0000021bc5164a20 JavaThread "JNA Cleaner" daemon [_thread_blocked, id=14780, stack(0x00000022c6700000,0x00000022c6800000)]
  0x0000021bc5163210 JavaThread "pool-2-thread-1" [_thread_blocked, id=3280, stack(0x00000022c8c00000,0x00000022c8d00000)]
  0x0000021bc5161ed0 JavaThread "pool-1-thread-1" [_thread_in_native, id=32060, stack(0x00000022c8e00000,0x00000022c8f00000)]
  0x0000021bc7643d20 JavaThread "Worker-4: Initialize workspace" [_thread_blocked, id=3876, stack(0x00000022c8d00000,0x00000022c8e00000)]
  0x0000021bc76411d0 JavaThread "ForkJoinPool.commonPool-worker-1" daemon [_thread_in_native, id=8064, stack(0x00000022c8f00000,0x00000022c9000000)]

Other Threads:
  0x0000021bacd35bc0 VMThread "VM Thread" [stack: 0x00000022c6a00000,0x00000022c6b00000] [id=3592]
  0x0000021bc3d1d3d0 WatcherThread [stack: 0x00000022c7600000,0x00000022c7700000] [id=5176]
  0x0000021bacc8bc40 GCTaskThread "GC Thread#0" [stack: 0x00000022c6900000,0x00000022c6a00000] [id=13516]
  0x0000021bc3d41ec0 GCTaskThread "GC Thread#1" [stack: 0x00000022c7700000,0x00000022c7800000] [id=27384]
  0x0000021bc43cd1d0 GCTaskThread "GC Thread#2" [stack: 0x00000022c7800000,0x00000022c7900000] [id=26556]
  0x0000021bc43cd480 GCTaskThread "GC Thread#3" [stack: 0x00000022c7900000,0x00000022c7a00000] [id=18512]
  0x0000021bc43cd730 GCTaskThread "GC Thread#4" [stack: 0x00000022c7a00000,0x00000022c7b00000] [id=13688]
  0x0000021bc40fc620 GCTaskThread "GC Thread#5" [stack: 0x00000022c7b00000,0x00000022c7c00000] [id=25660]
  0x0000021bc435ffc0 GCTaskThread "GC Thread#6" [stack: 0x00000022c8000000,0x00000022c8100000] [id=4120]
  0x0000021bc4365490 GCTaskThread "GC Thread#7" [stack: 0x00000022c8100000,0x00000022c8200000] [id=27824]
  0x0000021bc42d9080 GCTaskThread "GC Thread#8" [stack: 0x00000022c8400000,0x00000022c8500000] [id=18024]
  0x0000021bc42d85c0 GCTaskThread "GC Thread#9" [stack: 0x00000022c8500000,0x00000022c8600000] [id=21308]

Threads with active compile tasks:
C2 CompilerThread0    74187 6127  s    4       jdk.internal.jimage.ImageReader$SharedImageReader::findNode (36 bytes)

VM state: not at safepoint (normal execution)

VM Mutex/Monitor currently owned by a thread: None

Heap address: 0x00000000c0000000, size: 1024 MB, Compressed Oops mode: 32-bit

CDS archive(s) not mapped
Compressed class space mapped at: 0x0000000100000000-0x0000000140000000, reserved size: 1073741824
Narrow klass base: 0x0000000000000000, Narrow klass shift: 3, Narrow klass range: 0x140000000

GC Precious Log:
 CPUs: 12 total, 12 available
 Memory: 7832M
 Large Page Support: Disabled
 NUMA Support: Disabled
 Compressed Oops: Enabled (32-bit)
 Alignments: Space 512K, Generation 512K, Heap 2M
 Heap Min Capacity: 100M
 Heap Initial Capacity: 100M
 Heap Max Capacity: 1G
 Pre-touch: Disabled
 Parallel Workers: 10

Heap:
 PSYoungGen      total 15872K, used 4382K [0x00000000eab00000, 0x00000000ebd00000, 0x0000000100000000)
  eden space 14848K, 24% used [0x00000000eab00000,0x00000000eae9fb30,0x00000000eb980000)
  from space 1024K, 65% used [0x00000000ebc00000,0x00000000ebca8000,0x00000000ebd00000)
  to   space 1536K, 0% used [0x00000000eba00000,0x00000000eba00000,0x00000000ebb80000)
 ParOldGen       total 68608K, used 42933K [0x00000000c0000000, 0x00000000c4300000, 0x00000000eab00000)
  object space 68608K, 62% used [0x00000000c0000000,0x00000000c29ed6c8,0x00000000c4300000)
 Metaspace       used 50843K, committed 51776K, reserved 1097728K
  class space    used 5417K, committed 5824K, reserved 1048576K

Card table byte_map: [0x0000021bac620000,0x0000021bac830000] _byte_map_base: 0x0000021bac020000

Marking Bits: (ParMarkBitMap*) 0x00007ff908132cc0
 Begin Bits: [0x0000021bbe900000, 0x0000021bbf900000)
 End Bits:   [0x0000021bbf900000, 0x0000021bc0900000)

Polling page: 0x0000021baab60000

Metaspace:

Usage:
  Non-class:     44.36 MB used.
      Class:      5.29 MB used.
       Both:     49.65 MB used.

Virtual space:
  Non-class space:       48.00 MB reserved,      44.88 MB ( 93%) committed,  6 nodes.
      Class space:        1.00 GB reserved,       5.69 MB ( <1%) committed,  1 nodes.
             Both:        1.05 GB reserved,      50.56 MB (  5%) committed. 

Chunk freelists:
   Non-Class:  2.70 MB
       Class:  2.16 MB
        Both:  4.86 MB

MaxMetaspaceSize: unlimited
CompressedClassSpaceSize: 1.00 GB
Initial GC threshold: 21.00 MB
Current GC threshold: 58.38 MB
CDS: off
MetaspaceReclaimPolicy: balanced
 - commit_granule_bytes: 65536.
 - commit_granule_words: 8192.
 - virtual_space_node_default_size: 1048576.
 - enlarge_chunks_in_place: 1.
 - new_chunks_are_fully_committed: 0.
 - uncommit_free_chunks: 1.
 - use_allocation_guard: 0.
 - handle_deallocations: 1.


Internal statistics:

num_allocs_failed_limit: 6.
num_arena_births: 598.
num_arena_deaths: 14.
num_vsnodes_births: 7.
num_vsnodes_deaths: 0.
num_space_committed: 809.
num_space_uncommitted: 0.
num_chunks_returned_to_freelist: 20.
num_chunks_taken_from_freelist: 2538.
num_chunk_merges: 7.
num_chunk_splits: 1587.
num_chunks_enlarged: 922.
num_purges: 2.
num_inconsistent_stats: 0.

CodeHeap 'non-profiled nmethods': size=120000Kb used=3019Kb max_used=3019Kb free=116980Kb
 bounds [0x0000021bb73d0000, 0x0000021bb76d0000, 0x0000021bbe900000]
CodeHeap 'profiled nmethods': size=120000Kb used=10964Kb max_used=11356Kb free=109035Kb
 bounds [0x0000021bafea0000, 0x0000021bb09c0000, 0x0000021bb73d0000]
CodeHeap 'non-nmethods': size=5760Kb used=1282Kb max_used=1320Kb free=4477Kb
 bounds [0x0000021baf900000, 0x0000021bafb70000, 0x0000021bafea0000]
 total_blobs=6008 nmethods=5396 adapters=524
 compilation: enabled
              stopped_count=0, restarted_count=0
 full_count=0

Compilation events (20 events):
Event: 73.106 Thread 0x0000021bc26d0630 6283       3       java.util.zip.ZipFile$ZipFileInflaterInputStream::available (44 bytes)
Event: 73.106 Thread 0x0000021bc26d0630 nmethod 6283 0x0000021bb08d4610 code [0x0000021bb08d47e0, 0x0000021bb08d4b48]
Event: 73.123 Thread 0x0000021bc26d0630 6284       3       org.eclipse.jdt.internal.compiler.impl.IrritantSet::clear (22 bytes)
Event: 73.123 Thread 0x0000021bc26d0630 nmethod 6284 0x0000021bb08d4210 code [0x0000021bb08d43a0, 0x0000021bb08d44f8]
Event: 73.127 Thread 0x0000021bc26d0630 6288       3       org.eclipse.core.internal.resources.MarkerManager$$Lambda$289/0x0000000100593788::visitElement (19 bytes)
Event: 73.127 Thread 0x0000021bc26d0630 nmethod 6288 0x0000021bb08d3e10 code [0x0000021bb08d3fc0, 0x0000021bb08d4128]
Event: 73.127 Thread 0x0000021bc26d0630 6289       3       org.eclipse.core.internal.resources.MarkerManager::lambda$2 (26 bytes)
Event: 73.127 Thread 0x0000021bc26d0630 nmethod 6289 0x0000021bb08d3890 code [0x0000021bb08d3a40, 0x0000021bb08d3d08]
Event: 73.127 Thread 0x0000021bc26d0630 6290       3       org.eclipse.core.internal.resources.MarkerManager::basicRemoveMarkers (209 bytes)
Event: 73.128 Thread 0x0000021bc26d0630 nmethod 6290 0x0000021bb055cc10 code [0x0000021bb055cf40, 0x0000021bb055e748]
Event: 73.128 Thread 0x0000021bc26d0630 6291       3       org.eclipse.core.internal.dtree.DeltaDataTree::searchNodeAt (120 bytes)
Event: 73.129 Thread 0x0000021bc26d0630 nmethod 6291 0x0000021bb055bc10 code [0x0000021bb055be40, 0x0000021bb055c818]
Event: 73.129 Thread 0x0000021bc26d0630 6294       3       org.eclipse.core.internal.dtree.DeltaDataTree::safeCopyCompleteSubtree (30 bytes)
Event: 73.129 Thread 0x0000021bc26d0630 nmethod 6294 0x0000021bb08d2f10 code [0x0000021bb08d3100, 0x0000021bb08d34f8]
Event: 73.129 Thread 0x0000021bc26d0630 6295       3       org.eclipse.core.internal.dtree.DataTreeNode::copy (69 bytes)
Event: 73.129 Thread 0x0000021bc26d0630 nmethod 6295 0x0000021bb055b310 code [0x0000021bb055b500, 0x0000021bb055ba08]
Event: 73.129 Thread 0x0000021bc26d0630 6292       3       java.util.concurrent.ConcurrentHashMap::containsKey (14 bytes)
Event: 73.129 Thread 0x0000021bc26d0630 nmethod 6292 0x0000021bb055ae90 code [0x0000021bb055b040, 0x0000021bb055b248]
Event: 73.129 Thread 0x0000021bc26d0630 6296  s    1       org.eclipse.core.internal.resources.WorkManager::getPreparedOperationDepth (5 bytes)
Event: 73.129 Thread 0x0000021bc26d0630 nmethod 6296 0x0000021bb76c2310 code [0x0000021bb76c24a0, 0x0000021bb76c2618]

GC Heap History (20 events):
Event: 57.353 GC heap before
{Heap before GC invocations=23 (full 2):
 PSYoungGen      total 20480K, used 20160K [0x00000000eab00000, 0x00000000ec180000, 0x0000000100000000)
  eden space 18944K, 100% used [0x00000000eab00000,0x00000000ebd80000,0x00000000ebd80000)
  from space 1536K, 79% used [0x00000000ec000000,0x00000000ec130000,0x00000000ec180000)
  to   space 1536K, 0% used [0x00000000ebe80000,0x00000000ebe80000,0x00000000ec000000)
 ParOldGen       total 68608K, used 30602K [0x00000000c0000000, 0x00000000c4300000, 0x00000000eab00000)
  object space 68608K, 44% used [0x00000000c0000000,0x00000000c1de2a70,0x00000000c4300000)
 Metaspace       used 47170K, committed 48000K, reserved 1097728K
  class space    used 5069K, committed 5440K, reserved 1048576K
}
Event: 57.354 GC heap after
{Heap after GC invocations=23 (full 2):
 PSYoungGen      total 19456K, used 348K [0x00000000eab00000, 0x00000000ec080000, 0x0000000100000000)
  eden space 18944K, 0% used [0x00000000eab00000,0x00000000eab00000,0x00000000ebd80000)
  from space 512K, 68% used [0x00000000ebe80000,0x00000000ebed7230,0x00000000ebf00000)
  to   space 1024K, 0% used [0x00000000ebf80000,0x00000000ebf80000,0x00000000ec080000)
 ParOldGen       total 68608K, used 31682K [0x00000000c0000000, 0x00000000c4300000, 0x00000000eab00000)
  object space 68608K, 46% used [0x00000000c0000000,0x00000000c1ef0a70,0x00000000c4300000)
 Metaspace       used 47170K, committed 48000K, reserved 1097728K
  class space    used 5069K, committed 5440K, reserved 1048576K
}
Event: 58.476 GC heap before
{Heap before GC invocations=24 (full 2):
 PSYoungGen      total 19456K, used 19292K [0x00000000eab00000, 0x00000000ec080000, 0x0000000100000000)
  eden space 18944K, 100% used [0x00000000eab00000,0x00000000ebd80000,0x00000000ebd80000)
  from space 512K, 68% used [0x00000000ebe80000,0x00000000ebed7230,0x00000000ebf00000)
  to   space 1024K, 0% used [0x00000000ebf80000,0x00000000ebf80000,0x00000000ec080000)
 ParOldGen       total 68608K, used 31682K [0x00000000c0000000, 0x00000000c4300000, 0x00000000eab00000)
  object space 68608K, 46% used [0x00000000c0000000,0x00000000c1ef0a70,0x00000000c4300000)
 Metaspace       used 47690K, committed 48576K, reserved 1097728K
  class space    used 5127K, committed 5504K, reserved 1048576K
}
Event: 58.477 GC heap after
{Heap after GC invocations=24 (full 2):
 PSYoungGen      total 19968K, used 864K [0x00000000eab00000, 0x00000000ec080000, 0x0000000100000000)
  eden space 18944K, 0% used [0x00000000eab00000,0x00000000eab00000,0x00000000ebd80000)
  from space 1024K, 84% used [0x00000000ebf80000,0x00000000ec058000,0x00000000ec080000)
  to   space 1024K, 0% used [0x00000000ebe80000,0x00000000ebe80000,0x00000000ebf80000)
 ParOldGen       total 68608K, used 31794K [0x00000000c0000000, 0x00000000c4300000, 0x00000000eab00000)
  object space 68608K, 46% used [0x00000000c0000000,0x00000000c1f0ca70,0x00000000c4300000)
 Metaspace       used 47690K, committed 48576K, reserved 1097728K
  class space    used 5127K, committed 5504K, reserved 1048576K
}
Event: 70.664 GC heap before
{Heap before GC invocations=25 (full 2):
 PSYoungGen      total 19968K, used 19808K [0x00000000eab00000, 0x00000000ec080000, 0x0000000100000000)
  eden space 18944K, 100% used [0x00000000eab00000,0x00000000ebd80000,0x00000000ebd80000)
  from space 1024K, 84% used [0x00000000ebf80000,0x00000000ec058000,0x00000000ec080000)
  to   space 1024K, 0% used [0x00000000ebe80000,0x00000000ebe80000,0x00000000ebf80000)
 ParOldGen       total 68608K, used 31794K [0x00000000c0000000, 0x00000000c4300000, 0x00000000eab00000)
  object space 68608K, 46% used [0x00000000c0000000,0x00000000c1f0ca70,0x00000000c4300000)
 Metaspace       used 48006K, committed 48896K, reserved 1097728K
  class space    used 5159K, committed 5568K, reserved 1048576K
}
Event: 70.678 GC heap after
{Heap after GC invocations=25 (full 2):
 PSYoungGen      total 19456K, used 416K [0x00000000eab00000, 0x00000000ec000000, 0x0000000100000000)
  eden space 18944K, 0% used [0x00000000eab00000,0x00000000eab00000,0x00000000ebd80000)
  from space 512K, 81% used [0x00000000ebe80000,0x00000000ebee8000,0x00000000ebf00000)
  to   space 1024K, 0% used [0x00000000ebf00000,0x00000000ebf00000,0x00000000ec000000)
 ParOldGen       total 68608K, used 32506K [0x00000000c0000000, 0x00000000c4300000, 0x00000000eab00000)
  object space 68608K, 47% used [0x00000000c0000000,0x00000000c1fbea00,0x00000000c4300000)
 Metaspace       used 48006K, committed 48896K, reserved 1097728K
  class space    used 5159K, committed 5568K, reserved 1048576K
}
Event: 72.780 GC heap before
{Heap before GC invocations=26 (full 2):
 PSYoungGen      total 19456K, used 19360K [0x00000000eab00000, 0x00000000ec000000, 0x0000000100000000)
  eden space 18944K, 100% used [0x00000000eab00000,0x00000000ebd80000,0x00000000ebd80000)
  from space 512K, 81% used [0x00000000ebe80000,0x00000000ebee8000,0x00000000ebf00000)
  to   space 1024K, 0% used [0x00000000ebf00000,0x00000000ebf00000,0x00000000ec000000)
 ParOldGen       total 68608K, used 32506K [0x00000000c0000000, 0x00000000c4300000, 0x00000000eab00000)
  object space 68608K, 47% used [0x00000000c0000000,0x00000000c1fbea00,0x00000000c4300000)
 Metaspace       used 48692K, committed 49600K, reserved 1097728K
  class space    used 5213K, committed 5632K, reserved 1048576K
}
Event: 72.782 GC heap after
{Heap after GC invocations=26 (full 2):
 PSYoungGen      total 18944K, used 992K [0x00000000eab00000, 0x00000000ec280000, 0x0000000100000000)
  eden space 17920K, 0% used [0x00000000eab00000,0x00000000eab00000,0x00000000ebc80000)
  from space 1024K, 96% used [0x00000000ebf00000,0x00000000ebff8010,0x00000000ec000000)
  to   space 2560K, 0% used [0x00000000ebc80000,0x00000000ebc80000,0x00000000ebf00000)
 ParOldGen       total 68608K, used 33347K [0x00000000c0000000, 0x00000000c4300000, 0x00000000eab00000)
  object space 68608K, 48% used [0x00000000c0000000,0x00000000c2090d00,0x00000000c4300000)
 Metaspace       used 48692K, committed 49600K, reserved 1097728K
  class space    used 5213K, committed 5632K, reserved 1048576K
}
Event: 72.816 GC heap before
{Heap before GC invocations=27 (full 2):
 PSYoungGen      total 18944K, used 18912K [0x00000000eab00000, 0x00000000ec280000, 0x0000000100000000)
  eden space 17920K, 100% used [0x00000000eab00000,0x00000000ebc80000,0x00000000ebc80000)
  from space 1024K, 96% used [0x00000000ebf00000,0x00000000ebff8010,0x00000000ec000000)
  to   space 2560K, 0% used [0x00000000ebc80000,0x00000000ebc80000,0x00000000ebf00000)
 ParOldGen       total 68608K, used 33347K [0x00000000c0000000, 0x00000000c4300000, 0x00000000eab00000)
  object space 68608K, 48% used [0x00000000c0000000,0x00000000c2090d00,0x00000000c4300000)
 Metaspace       used 48719K, committed 49600K, reserved 1097728K
  class space    used 5213K, committed 5632K, reserved 1048576K
}
Event: 72.819 GC heap after
{Heap after GC invocations=27 (full 2):
 PSYoungGen      total 19968K, used 1856K [0x00000000eab00000, 0x00000000ec080000, 0x0000000100000000)
  eden space 17920K, 0% used [0x00000000eab00000,0x00000000eab00000,0x00000000ebc80000)
  from space 2048K, 90% used [0x00000000ebc80000,0x00000000ebe50010,0x00000000ebe80000)
  to   space 2048K, 0% used [0x00000000ebe80000,0x00000000ebe80000,0x00000000ec080000)
 ParOldGen       total 68608K, used 34318K [0x00000000c0000000, 0x00000000c4300000, 0x00000000eab00000)
  object space 68608K, 50% used [0x00000000c0000000,0x00000000c2183b00,0x00000000c4300000)
 Metaspace       used 48719K, committed 49600K, reserved 1097728K
  class space    used 5213K, committed 5632K, reserved 1048576K
}
Event: 72.873 GC heap before
{Heap before GC invocations=28 (full 2):
 PSYoungGen      total 19968K, used 19776K [0x00000000eab00000, 0x00000000ec080000, 0x0000000100000000)
  eden space 17920K, 100% used [0x00000000eab00000,0x00000000ebc80000,0x00000000ebc80000)
  from space 2048K, 90% used [0x00000000ebc80000,0x00000000ebe50010,0x00000000ebe80000)
  to   space 2048K, 0% used [0x00000000ebe80000,0x00000000ebe80000,0x00000000ec080000)
 ParOldGen       total 68608K, used 34318K [0x00000000c0000000, 0x00000000c4300000, 0x00000000eab00000)
  object space 68608K, 50% used [0x00000000c0000000,0x00000000c2183b00,0x00000000c4300000)
 Metaspace       used 48828K, committed 49728K, reserved 1097728K
  class space    used 5220K, committed 5632K, reserved 1048576K
}
Event: 72.876 GC heap after
{Heap after GC invocations=28 (full 2):
 PSYoungGen      total 19456K, used 2016K [0x00000000eab00000, 0x00000000ec180000, 0x0000000100000000)
  eden space 17408K, 0% used [0x00000000eab00000,0x00000000eab00000,0x00000000ebc00000)
  from space 2048K, 98% used [0x00000000ebe80000,0x00000000ec078010,0x00000000ec080000)
  to   space 2560K, 0% used [0x00000000ebc00000,0x00000000ebc00000,0x00000000ebe80000)
 ParOldGen       total 68608K, used 36006K [0x00000000c0000000, 0x00000000c4300000, 0x00000000eab00000)
  object space 68608K, 52% used [0x00000000c0000000,0x00000000c2329b00,0x00000000c4300000)
 Metaspace       used 48828K, committed 49728K, reserved 1097728K
  class space    used 5220K, committed 5632K, reserved 1048576K
}
Event: 72.894 GC heap before
{Heap before GC invocations=29 (full 2):
 PSYoungGen      total 19456K, used 19424K [0x00000000eab00000, 0x00000000ec180000, 0x0000000100000000)
  eden space 17408K, 100% used [0x00000000eab00000,0x00000000ebc00000,0x00000000ebc00000)
  from space 2048K, 98% used [0x00000000ebe80000,0x00000000ec078010,0x00000000ec080000)
  to   space 2560K, 0% used [0x00000000ebc00000,0x00000000ebc00000,0x00000000ebe80000)
 ParOldGen       total 68608K, used 36006K [0x00000000c0000000, 0x00000000c4300000, 0x00000000eab00000)
  object space 68608K, 52% used [0x00000000c0000000,0x00000000c2329b00,0x00000000c4300000)
 Metaspace       used 48830K, committed 49728K, reserved 1097728K
  class space    used 5220K, committed 5632K, reserved 1048576K
}
Event: 72.897 GC heap after
{Heap after GC invocations=29 (full 2):
 PSYoungGen      total 19456K, used 1920K [0x00000000eab00000, 0x00000000ec000000, 0x0000000100000000)
  eden space 17408K, 0% used [0x00000000eab00000,0x00000000eab00000,0x00000000ebc00000)
  from space 2048K, 93% used [0x00000000ebc00000,0x00000000ebde0000,0x00000000ebe00000)
  to   space 2048K, 0% used [0x00000000ebe00000,0x00000000ebe00000,0x00000000ec000000)
 ParOldGen       total 68608K, used 37885K [0x00000000c0000000, 0x00000000c4300000, 0x00000000eab00000)
  object space 68608K, 55% used [0x00000000c0000000,0x00000000c24ff6b8,0x00000000c4300000)
 Metaspace       used 48830K, committed 49728K, reserved 1097728K
  class space    used 5220K, committed 5632K, reserved 1048576K
}
Event: 72.916 GC heap before
{Heap before GC invocations=30 (full 2):
 PSYoungGen      total 19456K, used 19328K [0x00000000eab00000, 0x00000000ec000000, 0x0000000100000000)
  eden space 17408K, 100% used [0x00000000eab00000,0x00000000ebc00000,0x00000000ebc00000)
  from space 2048K, 93% used [0x00000000ebc00000,0x00000000ebde0000,0x00000000ebe00000)
  to   space 2048K, 0% used [0x00000000ebe00000,0x00000000ebe00000,0x00000000ec000000)
 ParOldGen       total 68608K, used 37885K [0x00000000c0000000, 0x00000000c4300000, 0x00000000eab00000)
  object space 68608K, 55% used [0x00000000c0000000,0x00000000c24ff6b8,0x00000000c4300000)
 Metaspace       used 48832K, committed 49728K, reserved 1097728K
  class space    used 5220K, committed 5632K, reserved 1048576K
}
Event: 72.919 GC heap after
{Heap after GC invocations=30 (full 2):
 PSYoungGen      total 16896K, used 2016K [0x00000000eab00000, 0x00000000ec500000, 0x0000000100000000)
  eden space 14848K, 0% used [0x00000000eab00000,0x00000000eab00000,0x00000000eb980000)
  from space 2048K, 98% used [0x00000000ebe00000,0x00000000ebff8010,0x00000000ec000000)
  to   space 4608K, 0% used [0x00000000eb980000,0x00000000eb980000,0x00000000ebe00000)
 ParOldGen       total 68608K, used 39733K [0x00000000c0000000, 0x00000000c4300000, 0x00000000eab00000)
  object space 68608K, 57% used [0x00000000c0000000,0x00000000c26cd6b8,0x00000000c4300000)
 Metaspace       used 48832K, committed 49728K, reserved 1097728K
  class space    used 5220K, committed 5632K, reserved 1048576K
}
Event: 72.937 GC heap before
{Heap before GC invocations=31 (full 2):
 PSYoungGen      total 16896K, used 16864K [0x00000000eab00000, 0x00000000ec500000, 0x0000000100000000)
  eden space 14848K, 100% used [0x00000000eab00000,0x00000000eb980000,0x00000000eb980000)
  from space 2048K, 98% used [0x00000000ebe00000,0x00000000ebff8010,0x00000000ec000000)
  to   space 4608K, 0% used [0x00000000eb980000,0x00000000eb980000,0x00000000ebe00000)
 ParOldGen       total 68608K, used 39733K [0x00000000c0000000, 0x00000000c4300000, 0x00000000eab00000)
  object space 68608K, 57% used [0x00000000c0000000,0x00000000c26cd6b8,0x00000000c4300000)
 Metaspace       used 48832K, committed 49728K, reserved 1097728K
  class space    used 5220K, committed 5632K, reserved 1048576K
}
Event: 72.940 GC heap after
{Heap after GC invocations=31 (full 2):
 PSYoungGen      total 16384K, used 1280K [0x00000000eab00000, 0x00000000ebe80000, 0x0000000100000000)
  eden space 14848K, 0% used [0x00000000eab00000,0x00000000eab00000,0x00000000eb980000)
  from space 1536K, 83% used [0x00000000eb980000,0x00000000ebac0000,0x00000000ebb00000)
  to   space 2560K, 0% used [0x00000000ebc00000,0x00000000ebc00000,0x00000000ebe80000)
 ParOldGen       total 68608K, used 41741K [0x00000000c0000000, 0x00000000c4300000, 0x00000000eab00000)
  object space 68608K, 60% used [0x00000000c0000000,0x00000000c28c36c8,0x00000000c4300000)
 Metaspace       used 48832K, committed 49728K, reserved 1097728K
  class space    used 5220K, committed 5632K, reserved 1048576K
}
Event: 73.084 GC heap before
{Heap before GC invocations=32 (full 2):
 PSYoungGen      total 16384K, used 16128K [0x00000000eab00000, 0x00000000ebe80000, 0x0000000100000000)
  eden space 14848K, 100% used [0x00000000eab00000,0x00000000eb980000,0x00000000eb980000)
  from space 1536K, 83% used [0x00000000eb980000,0x00000000ebac0000,0x00000000ebb00000)
  to   space 2560K, 0% used [0x00000000ebc00000,0x00000000ebc00000,0x00000000ebe80000)
 ParOldGen       total 68608K, used 41741K [0x00000000c0000000, 0x00000000c4300000, 0x00000000eab00000)
  object space 68608K, 60% used [0x00000000c0000000,0x00000000c28c36c8,0x00000000c4300000)
 Metaspace       used 50440K, committed 51392K, reserved 1097728K
  class space    used 5363K, committed 5760K, reserved 1048576K
}
Event: 73.086 GC heap after
{Heap after GC invocations=32 (full 2):
 PSYoungGen      total 15872K, used 672K [0x00000000eab00000, 0x00000000ebd00000, 0x0000000100000000)
  eden space 14848K, 0% used [0x00000000eab00000,0x00000000eab00000,0x00000000eb980000)
  from space 1024K, 65% used [0x00000000ebc00000,0x00000000ebca8000,0x00000000ebd00000)
  to   space 1536K, 0% used [0x00000000eba00000,0x00000000eba00000,0x00000000ebb80000)
 ParOldGen       total 68608K, used 42933K [0x00000000c0000000, 0x00000000c4300000, 0x00000000eab00000)
  object space 68608K, 62% used [0x00000000c0000000,0x00000000c29ed6c8,0x00000000c4300000)
 Metaspace       used 50440K, committed 51392K, reserved 1097728K
  class space    used 5363K, committed 5760K, reserved 1048576K
}

Deoptimization events (20 events):
Event: 72.978 Thread 0x0000021bc76411d0 DEOPT PACKING pc=0x0000021bb083351e sp=0x00000022c8ffd500
Event: 72.978 Thread 0x0000021bc76411d0 DEOPT UNPACKING pc=0x0000021baf952843 sp=0x00000022c8ffc9f0 mode 0
Event: 72.978 Thread 0x0000021bc76411d0 DEOPT PACKING pc=0x0000021bb083351e sp=0x00000022c8ffd500
Event: 72.978 Thread 0x0000021bc76411d0 DEOPT UNPACKING pc=0x0000021baf952843 sp=0x00000022c8ffc9f0 mode 0
Event: 72.982 Thread 0x0000021bc76411d0 Uncommon trap: trap_request=0xffffffc6 fr.pc=0x0000021bb73dc688 relative=0x0000000000000488
Event: 72.982 Thread 0x0000021bc76411d0 Uncommon trap: reason=bimorphic_or_optimized_type_check action=maybe_recompile pc=0x0000021bb73dc688 method=java.util.regex.Pattern$Begin.match(Ljava/util/regex/Matcher;ILjava/lang/CharSequence;)Z @ 30 c2
Event: 72.982 Thread 0x0000021bc76411d0 DEOPT PACKING pc=0x0000021bb73dc688 sp=0x00000022c8ff7b50
Event: 72.982 Thread 0x0000021bc76411d0 DEOPT UNPACKING pc=0x0000021baf9520a3 sp=0x00000022c8ff7b00 mode 2
Event: 72.982 Thread 0x0000021bc76411d0 Uncommon trap: trap_request=0xffffffc6 fr.pc=0x0000021bb73dc688 relative=0x0000000000000488
Event: 72.982 Thread 0x0000021bc76411d0 Uncommon trap: reason=bimorphic_or_optimized_type_check action=maybe_recompile pc=0x0000021bb73dc688 method=java.util.regex.Pattern$Begin.match(Ljava/util/regex/Matcher;ILjava/lang/CharSequence;)Z @ 30 c2
Event: 72.982 Thread 0x0000021bc76411d0 DEOPT PACKING pc=0x0000021bb73dc688 sp=0x00000022c8ff7b50
Event: 72.982 Thread 0x0000021bc76411d0 DEOPT UNPACKING pc=0x0000021baf9520a3 sp=0x00000022c8ff7b00 mode 2
Event: 72.982 Thread 0x0000021bc76411d0 Uncommon trap: trap_request=0xffffffc6 fr.pc=0x0000021bb73dc688 relative=0x0000000000000488
Event: 72.982 Thread 0x0000021bc76411d0 Uncommon trap: reason=bimorphic_or_optimized_type_check action=maybe_recompile pc=0x0000021bb73dc688 method=java.util.regex.Pattern$Begin.match(Ljava/util/regex/Matcher;ILjava/lang/CharSequence;)Z @ 30 c2
Event: 72.982 Thread 0x0000021bc76411d0 DEOPT PACKING pc=0x0000021bb73dc688 sp=0x00000022c8ff7b50
Event: 72.982 Thread 0x0000021bc76411d0 DEOPT UNPACKING pc=0x0000021baf9520a3 sp=0x00000022c8ff7b00 mode 2
Event: 73.104 Thread 0x0000021bc76411d0 DEOPT PACKING pc=0x0000021bb083351e sp=0x00000022c8ffd520
Event: 73.104 Thread 0x0000021bc76411d0 DEOPT UNPACKING pc=0x0000021baf952843 sp=0x00000022c8ffca10 mode 0
Event: 73.104 Thread 0x0000021bc76411d0 DEOPT PACKING pc=0x0000021bb083351e sp=0x00000022c8ffd520
Event: 73.104 Thread 0x0000021bc76411d0 DEOPT UNPACKING pc=0x0000021baf952843 sp=0x00000022c8ffca10 mode 0

Classes unloaded (7 events):
Event: 22.709 Thread 0x0000021bacd35bc0 Unloading class 0x0000000100214400 'java/lang/invoke/LambdaForm$MH+0x0000000100214400'
Event: 22.709 Thread 0x0000021bacd35bc0 Unloading class 0x0000000100214000 'java/lang/invoke/LambdaForm$MH+0x0000000100214000'
Event: 22.709 Thread 0x0000021bacd35bc0 Unloading class 0x0000000100213c00 'java/lang/invoke/LambdaForm$MH+0x0000000100213c00'
Event: 22.709 Thread 0x0000021bacd35bc0 Unloading class 0x0000000100213400 'java/lang/invoke/LambdaForm$MH+0x0000000100213400'
Event: 22.709 Thread 0x0000021bacd35bc0 Unloading class 0x0000000100213000 'java/lang/invoke/LambdaForm$BMH+0x0000000100213000'
Event: 22.709 Thread 0x0000021bacd35bc0 Unloading class 0x0000000100212c00 'java/lang/invoke/LambdaForm$DMH+0x0000000100212c00'
Event: 22.709 Thread 0x0000021bacd35bc0 Unloading class 0x0000000100210400 'java/lang/invoke/LambdaForm$DMH+0x0000000100210400'

Classes redefined (0 events):
No events

Internal exceptions (20 events):
Event: 58.613 Thread 0x0000021bc5161530 Exception <a 'sun/nio/fs/WindowsException'{0x00000000eaf6b0e0}> (0x00000000eaf6b0e0) 
thrown [s\src\hotspot\share\prims\jni.cpp, line 516]
Event: 58.615 Thread 0x0000021bc5161530 Exception <a 'sun/nio/fs/WindowsException'{0x00000000eaf6f2a0}> (0x00000000eaf6f2a0) 
thrown [s\src\hotspot\share\prims\jni.cpp, line 516]
Event: 58.615 Thread 0x0000021bc5161530 Exception <a 'sun/nio/fs/WindowsException'{0x00000000eaf74680}> (0x00000000eaf74680) 
thrown [s\src\hotspot\share\prims\jni.cpp, line 516]
Event: 58.621 Thread 0x0000021bc5161530 Exception <a 'java/lang/NoSuchMethodError'{0x00000000eaf89860}: 'java.lang.Object java.lang.invoke.DirectMethodHandle$Holder.newInvokeSpecial(java.lang.Object, java.lang.Object, java.lang.Object, int, java.lang.Object)'> (0x00000000eaf89860) 
thrown [s\src\hotspot\share\interpreter\linkResolver.cpp, line 759]
Event: 58.621 Thread 0x0000021bc5161530 Exception <a 'java/lang/NoSuchMethodError'{0x00000000eaf8da10}: 'java.lang.Object java.lang.invoke.DirectMethodHandle$Holder.invokeSpecial(java.lang.Object, java.lang.Object, java.lang.Object, java.lang.Object, int, java.lang.Object)'> (0x00000000eaf8da10) 
thrown [s\src\hotspot\share\interpreter\linkResolver.cpp, line 759]
Event: 58.641 Thread 0x0000021bc5161530 Exception <a 'sun/nio/fs/WindowsException'{0x00000000eafcc2f8}> (0x00000000eafcc2f8) 
thrown [s\src\hotspot\share\prims\jni.cpp, line 516]
Event: 58.652 Thread 0x0000021bc5161530 Exception <a 'sun/nio/fs/WindowsException'{0x00000000eafe5188}> (0x00000000eafe5188) 
thrown [s\src\hotspot\share\prims\jni.cpp, line 516]
Event: 58.742 Thread 0x0000021bc5161ed0 Exception <a 'sun/nio/fs/WindowsException'{0x00000000eb129e98}> (0x00000000eb129e98) 
thrown [s\src\hotspot\share\prims\jni.cpp, line 516]
Event: 58.783 Thread 0x0000021bc5161ed0 Exception <a 'sun/nio/fs/WindowsException'{0x00000000eb1638f8}> (0x00000000eb1638f8) 
thrown [s\src\hotspot\share\prims\jni.cpp, line 516]
Event: 58.799 Thread 0x0000021bc5161ed0 Exception <a 'java/lang/NoSuchMethodError'{0x00000000eb182a88}: 'java.lang.Object java.lang.invoke.DirectMethodHandle$Holder.invokeStatic(java.lang.Object, java.lang.Object, int, java.lang.Object)'> (0x00000000eb182a88) 
thrown [s\src\hotspot\share\interpreter\linkResolver.cpp, line 759]
Event: 58.801 Thread 0x0000021bc5161ed0 Exception <a 'java/lang/NoSuchMethodError'{0x00000000eb18ed80}: 'java.lang.Object java.lang.invoke.DirectMethodHandle$Holder.newInvokeSpecial(java.lang.Object, java.lang.Object, int)'> (0x00000000eb18ed80) 
thrown [s\src\hotspot\share\interpreter\linkResolver.cpp, line 759]
Event: 58.877 Thread 0x0000021bc76411d0 Exception <a 'java/io/FileNotFoundException'{0x00000000eb2b3248}> (0x00000000eb2b3248) 
thrown [s\src\hotspot\share\prims\jni.cpp, line 516]
Event: 58.878 Thread 0x0000021bc76411d0 Exception <a 'java/io/FileNotFoundException'{0x00000000eb2b4810}> (0x00000000eb2b4810) 
thrown [s\src\hotspot\share\prims\jni.cpp, line 516]
Event: 71.913 Thread 0x0000021bc76411d0 Exception <a 'java/lang/NoSuchMethodError'{0x00000000eacc8c40}: 'int java.lang.invoke.DirectMethodHandle$Holder.invokeStatic(java.lang.Object)'> (0x00000000eacc8c40) 
thrown [s\src\hotspot\share\interpreter\linkResolver.cpp, line 759]
Event: 71.969 Thread 0x0000021bc76411d0 Exception <a 'java/io/FileNotFoundException'{0x00000000ead4b4c0}> (0x00000000ead4b4c0) 
thrown [s\src\hotspot\share\prims\jni.cpp, line 516]
Event: 72.573 Thread 0x0000021bc76411d0 Exception <a 'java/io/FileNotFoundException'{0x00000000ead56298}> (0x00000000ead56298) 
thrown [s\src\hotspot\share\prims\jni.cpp, line 516]
Event: 72.574 Thread 0x0000021bc76411d0 Exception <a 'java/io/FileNotFoundException'{0x00000000ead57878}> (0x00000000ead57878) 
thrown [s\src\hotspot\share\prims\jni.cpp, line 516]
Event: 73.124 Thread 0x0000021bc76411d0 Exception <a 'java/lang/NoSuchMethodError'{0x00000000ead6b408}: 'java.lang.Object java.lang.invoke.DirectMethodHandle$Holder.newInvokeSpecial(java.lang.Object, java.lang.Object, java.lang.Object, int)'> (0x00000000ead6b408) 
thrown [s\src\hotspot\share\interpreter\linkResolver.cpp, line 759]
Event: 73.125 Thread 0x0000021bc76411d0 Exception <a 'java/lang/NoSuchMethodError'{0x00000000ead6f510}: 'java.lang.Object java.lang.invoke.DirectMethodHandle$Holder.invokeSpecial(java.lang.Object, java.lang.Object, java.lang.Object, java.lang.Object, int)'> (0x00000000ead6f510) 
thrown [s\src\hotspot\share\interpreter\linkResolver.cpp, line 759]
Event: 73.125 Thread 0x0000021bc76411d0 Exception <a 'java/lang/NoSuchMethodError'{0x00000000ead72c18}: 'java.lang.Object java.lang.invoke.Invokers$Holder.linkToTargetMethod(java.lang.Object, java.lang.Object, int, java.lang.Object)'> (0x00000000ead72c18) 
thrown [s\src\hotspot\share\interpreter\linkResolver.cpp, line 759]

VM Operations (20 events):
Event: 71.679 Executing VM operation: Cleanup
Event: 71.679 Executing VM operation: Cleanup done
Event: 72.780 Executing VM operation: ParallelGCFailedAllocation
Event: 72.782 Executing VM operation: ParallelGCFailedAllocation done
Event: 72.816 Executing VM operation: ParallelGCFailedAllocation
Event: 72.820 Executing VM operation: ParallelGCFailedAllocation done
Event: 72.873 Executing VM operation: ParallelGCFailedAllocation
Event: 72.876 Executing VM operation: ParallelGCFailedAllocation done
Event: 72.894 Executing VM operation: ParallelGCFailedAllocation
Event: 72.897 Executing VM operation: ParallelGCFailedAllocation done
Event: 72.916 Executing VM operation: ParallelGCFailedAllocation
Event: 72.919 Executing VM operation: ParallelGCFailedAllocation done
Event: 72.937 Executing VM operation: ParallelGCFailedAllocation
Event: 72.940 Executing VM operation: ParallelGCFailedAllocation done
Event: 73.084 Executing VM operation: ParallelGCFailedAllocation
Event: 73.086 Executing VM operation: ParallelGCFailedAllocation done
Event: 73.118 Executing VM operation: HandshakeAllThreads
Event: 73.118 Executing VM operation: HandshakeAllThreads done
Event: 74.120 Executing VM operation: Cleanup
Event: 74.120 Executing VM operation: Cleanup done

Events (20 events):
Event: 55.666 Thread 0x0000021bc26e55e0 flushing nmethod 0x0000021bb0994690
Event: 55.666 Thread 0x0000021bc26e55e0 flushing nmethod 0x0000021bb09b4e90
Event: 57.351 Thread 0x0000021bc5cdb8f0 Thread added: 0x0000021bc5cdb8f0
Event: 57.363 Thread 0x0000021bc5cd9a90 Thread added: 0x0000021bc5cd9a90
Event: 58.044 Thread 0x0000021bc5cd9a90 Thread exited: 0x0000021bc5cd9a90
Event: 58.430 Thread 0x0000021bc5cdb8f0 Thread exited: 0x0000021bc5cdb8f0
Event: 58.652 Thread 0x0000021bc7643d20 Thread added: 0x0000021bc7643d20
Event: 58.802 loading class java/util/concurrent/CompletableFuture$UniApply
Event: 58.802 loading class java/util/concurrent/CompletableFuture$UniCompletion
Event: 58.802 loading class java/util/concurrent/CompletableFuture$UniCompletion done
Event: 58.802 loading class java/util/concurrent/CompletableFuture$UniApply done
Event: 58.803 loading class java/util/concurrent/ForkJoinTask$Aux
Event: 58.803 loading class java/util/concurrent/ForkJoinTask$Aux done
Event: 58.805 loading class java/util/concurrent/ForkJoinWorkerThread
Event: 58.805 loading class java/util/concurrent/ForkJoinWorkerThread done
Event: 58.807 loading class java/util/concurrent/ForkJoinPool$DefaultCommonPoolForkJoinWorkerThreadFactory$1
Event: 58.807 loading class java/util/concurrent/ForkJoinPool$DefaultCommonPoolForkJoinWorkerThreadFactory$1 done
Event: 58.808 Thread 0x0000021bc76411d0 Thread added: 0x0000021bc76411d0
Event: 73.030 loading class java/lang/ExceptionInInitializerError
Event: 73.031 loading class java/lang/ExceptionInInitializerError done


Dynamic libraries:
0x00007ff7ace00000 - 0x00007ff7ace0e000 	c:\Users\ANSAF\.antigravity\extensions\redhat.java-1.12.0-win32-x64\jre\17.0.4.1-win32-x86_64\bin\java.exe
0x00007ff9a4c40000 - 0x00007ff9a4ea8000 	C:\WINDOWS\SYSTEM32\ntdll.dll
0x00007ff9a3190000 - 0x00007ff9a3259000 	C:\WINDOWS\System32\KERNEL32.DLL
0x00007ff9a22a0000 - 0x00007ff9a2691000 	C:\WINDOWS\System32\KERNELBASE.dll
0x00007ff9a2750000 - 0x00007ff9a289b000 	C:\WINDOWS\System32\ucrtbase.dll
0x00007ff97b250000 - 0x00007ff97b268000 	c:\Users\ANSAF\.antigravity\extensions\redhat.java-1.12.0-win32-x64\jre\17.0.4.1-win32-x86_64\bin\jli.dll
0x00007ff97a1e0000 - 0x00007ff97a1f9000 	c:\Users\ANSAF\.antigravity\extensions\redhat.java-1.12.0-win32-x64\jre\17.0.4.1-win32-x86_64\bin\VCRUNTIME140.dll
0x00007ff9a29e0000 - 0x00007ff9a2ba6000 	C:\WINDOWS\System32\USER32.dll
0x00007ff9a2270000 - 0x00007ff9a2297000 	C:\WINDOWS\System32\win32u.dll
0x00007ff97c7d0000 - 0x00007ff97ca63000 	C:\WINDOWS\WinSxS\amd64_microsoft.windows.common-controls_6595b64144ccf1df_6.0.26100.7824_none_3e0870b2e3345462\COMCTL32.dll
0x00007ff9a4620000 - 0x00007ff9a464b000 	C:\WINDOWS\System32\GDI32.dll
0x00007ff9a1520000 - 0x00007ff9a164b000 	C:\WINDOWS\System32\gdi32full.dll
0x00007ff9a2bb0000 - 0x00007ff9a2c59000 	C:\WINDOWS\System32\msvcrt.dll
0x00007ff9a26a0000 - 0x00007ff9a2743000 	C:\WINDOWS\System32\msvcp_win.dll
0x00007ff9a3460000 - 0x00007ff9a3491000 	C:\WINDOWS\System32\IMM32.DLL
0x00007ff99bbf0000 - 0x00007ff99bbfc000 	c:\Users\ANSAF\.antigravity\extensions\redhat.java-1.12.0-win32-x64\jre\17.0.4.1-win32-x86_64\bin\vcruntime140_1.dll
0x00007ff96cf70000 - 0x00007ff96d001000 	c:\Users\ANSAF\.antigravity\extensions\redhat.java-1.12.0-win32-x64\jre\17.0.4.1-win32-x86_64\bin\msvcp140.dll
0x00007ff9075b0000 - 0x00007ff9081f6000 	c:\Users\ANSAF\.antigravity\extensions\redhat.java-1.12.0-win32-x64\jre\17.0.4.1-win32-x86_64\bin\server\jvm.dll
0x00007ff9a3b70000 - 0x00007ff9a3c24000 	C:\WINDOWS\System32\ADVAPI32.dll
0x00007ff9a30e0000 - 0x00007ff9a3186000 	C:\WINDOWS\System32\sechost.dll
0x00007ff9a39e0000 - 0x00007ff9a3af8000 	C:\WINDOWS\System32\RPCRT4.dll
0x00007ff9a2c60000 - 0x00007ff9a2c68000 	C:\WINDOWS\System32\PSAPI.DLL
0x00007ff997040000 - 0x00007ff99704b000 	C:\WINDOWS\SYSTEM32\VERSION.dll
0x00007ff8e47f0000 - 0x00007ff8e47fa000 	C:\WINDOWS\SYSTEM32\WSOCK32.dll
0x00007ff9949e0000 - 0x00007ff994a15000 	C:\WINDOWS\SYSTEM32\WINMM.dll
0x00007ff9a4b70000 - 0x00007ff9a4be4000 	C:\WINDOWS\System32\WS2_32.dll
0x00007ff9a02c0000 - 0x00007ff9a02db000 	C:\WINDOWS\SYSTEM32\kernel.appcore.dll
0x00007ff99baa0000 - 0x00007ff99baaa000 	c:\Users\ANSAF\.antigravity\extensions\redhat.java-1.12.0-win32-x64\jre\17.0.4.1-win32-x86_64\bin\jimage.dll
0x00007ff99f4b0000 - 0x00007ff99f6f2000 	C:\WINDOWS\SYSTEM32\DBGHELP.DLL
0x00007ff9a3560000 - 0x00007ff9a38e6000 	C:\WINDOWS\System32\combase.dll
0x00007ff9a38f0000 - 0x00007ff9a39c7000 	C:\WINDOWS\System32\OLEAUT32.dll
0x00007ff975bb0000 - 0x00007ff975beb000 	C:\WINDOWS\SYSTEM32\dbgcore.DLL
0x00007ff9a28a0000 - 0x00007ff9a2945000 	C:\WINDOWS\System32\bcryptPrimitives.dll
0x00007ff999e90000 - 0x00007ff999e9e000 	c:\Users\ANSAF\.antigravity\extensions\redhat.java-1.12.0-win32-x64\jre\17.0.4.1-win32-x86_64\bin\instrument.dll
0x00007ff96fdb0000 - 0x00007ff96fdd5000 	c:\Users\ANSAF\.antigravity\extensions\redhat.java-1.12.0-win32-x64\jre\17.0.4.1-win32-x86_64\bin\java.dll
0x00007ff97a0e0000 - 0x00007ff97a0f8000 	c:\Users\ANSAF\.antigravity\extensions\redhat.java-1.12.0-win32-x64\jre\17.0.4.1-win32-x86_64\bin\zip.dll
0x00007ff9a3c30000 - 0x00007ff9a4382000 	C:\WINDOWS\System32\SHELL32.dll
0x00007ff9a17d0000 - 0x00007ff9a193a000 	C:\WINDOWS\System32\wintypes.dll
0x00007ff9a1a00000 - 0x00007ff9a2263000 	C:\WINDOWS\System32\windows.storage.dll
0x00007ff9a2f60000 - 0x00007ff9a3056000 	C:\WINDOWS\System32\SHCORE.dll
0x00007ff9a3b00000 - 0x00007ff9a3b67000 	C:\WINDOWS\System32\shlwapi.dll
0x00007ff9a1440000 - 0x00007ff9a1469000 	C:\WINDOWS\SYSTEM32\profapi.dll
0x00007ff96fd90000 - 0x00007ff96fda9000 	C:\Users\ANSAF\.antigravity\extensions\redhat.java-1.12.0-win32-x64\jre\17.0.4.1-win32-x86_64\bin\net.dll
0x00007ff9993e0000 - 0x00007ff999507000 	C:\WINDOWS\SYSTEM32\WINHTTP.dll
0x00007ff9a08a0000 - 0x00007ff9a090b000 	C:\WINDOWS\system32\mswsock.dll
0x00007ff96fd70000 - 0x00007ff96fd85000 	C:\Users\ANSAF\.antigravity\extensions\redhat.java-1.12.0-win32-x64\jre\17.0.4.1-win32-x86_64\bin\nio.dll
0x00007ff999d20000 - 0x00007ff999d30000 	c:\Users\ANSAF\.antigravity\extensions\redhat.java-1.12.0-win32-x64\jre\17.0.4.1-win32-x86_64\bin\verify.dll
0x00007ff96cec0000 - 0x00007ff96cefe000 	C:\Users\ANSAF\AppData\Roaming\Antigravity\User\globalStorage\redhat.java\1.12.0\config_win\org.eclipse.equinox.launcher\org.eclipse.equinox.launcher.win32.win32.x86_64_1.2.600.v20220720-1916\eclipse_11700.dll
0x00007ff9a4430000 - 0x00007ff9a45c7000 	C:\WINDOWS\System32\ole32.dll
0x00007ff9a0c20000 - 0x00007ff9a0c3b000 	C:\WINDOWS\SYSTEM32\CRYPTSP.dll
0x00007ff9a0220000 - 0x00007ff9a0259000 	C:\WINDOWS\system32\rsaenh.dll
0x00007ff9a0990000 - 0x00007ff9a09bb000 	C:\WINDOWS\SYSTEM32\USERENV.dll
0x00007ff9a1410000 - 0x00007ff9a143a000 	C:\WINDOWS\SYSTEM32\bcrypt.dll
0x00007ff9a0c40000 - 0x00007ff9a0c4c000 	C:\WINDOWS\SYSTEM32\CRYPTBASE.dll
0x00007ff99fd70000 - 0x00007ff99fda4000 	C:\WINDOWS\SYSTEM32\IPHLPAPI.DLL
0x00007ff9a4bf0000 - 0x00007ff9a4bfa000 	C:\WINDOWS\System32\NSI.dll
0x00007ff999930000 - 0x00007ff99994e000 	C:\WINDOWS\SYSTEM32\dhcpcsvc6.DLL
0x00007ff999900000 - 0x00007ff999923000 	C:\WINDOWS\SYSTEM32\dhcpcsvc.DLL
0x00007ff99fdb0000 - 0x00007ff99fedc000 	C:\WINDOWS\SYSTEM32\DNSAPI.dll
0x00007ff96b530000 - 0x00007ff96b570000 	C:\Users\ANSAF\AppData\Local\Temp\jna-62434411\jna16595812223608002426.dll

dbghelp: loaded successfully - version: 4.0.5 - missing functions: none
symbol engine: initialized successfully - sym options: 0x614 - pdb path: .;c:\Users\ANSAF\.antigravity\extensions\redhat.java-1.12.0-win32-x64\jre\17.0.4.1-win32-x86_64\bin;C:\WINDOWS\SYSTEM32;C:\WINDOWS\WinSxS\amd64_microsoft.windows.common-controls_6595b64144ccf1df_6.0.26100.7824_none_3e0870b2e3345462;c:\Users\ANSAF\.antigravity\extensions\redhat.java-1.12.0-win32-x64\jre\17.0.4.1-win32-x86_64\bin\server;C:\Users\ANSAF\AppData\Roaming\Antigravity\User\globalStorage\redhat.java\1.12.0\config_win\org.eclipse.equinox.launcher\org.eclipse.equinox.launcher.win32.win32.x86_64_1.2.600.v20220720-1916;C:\Users\ANSAF\AppData\Local\Temp\jna-62434411

VM Arguments:
jvm_args: --add-modules=ALL-SYSTEM --add-opens=java.base/java.util=ALL-UNNAMED --add-opens=java.base/java.lang=ALL-UNNAMED --add-opens=java.base/sun.nio.fs=ALL-UNNAMED -Declipse.application=org.eclipse.jdt.ls.core.id1 -Dosgi.bundles.defaultStartLevel=4 -Declipse.product=org.eclipse.jdt.ls.core.product -Djava.import.generatesMetadataFilesAtProjectRoot=false -Dfile.encoding=utf8 -XX:+UseParallelGC -XX:GCTimeRatio=4 -XX:AdaptiveSizePolicyWeight=90 -Dsun.zip.disableMemoryMapping=true -Xmx1G -Xms100m -Xlog:disable -javaagent:c:\Users\ANSAF\.antigravity\extensions\redhat.java-1.12.0-win32-x64\lombok\lombok-1.18.24.jar -XX:+HeapDumpOnOutOfMemoryError -XX:HeapDumpPath=c:\Users\ANSAF\AppData\Roaming\Antigravity\User\workspaceStorage\1edba422f8148d5b498ae3287b6bc979\redhat.java 
java_command: c:\Users\ANSAF\.antigravity\extensions\redhat.java-1.12.0-win32-x64\server\plugins\org.eclipse.equinox.launcher_1.6.400.v20210924-0641.jar -configuration c:\Users\ANSAF\AppData\Roaming\Antigravity\User\globalStorage\redhat.java\1.12.0\config_win -data c:\Users\ANSAF\AppData\Roaming\Antigravity\User\workspaceStorage\1edba422f8148d5b498ae3287b6bc979\redhat.java\jdt_ws
java_class_path (initial): c:\Users\ANSAF\.antigravity\extensions\redhat.java-1.12.0-win32-x64\server\plugins\org.eclipse.equinox.launcher_1.6.400.v20210924-0641.jar
Launcher Type: SUN_STANDARD

[Global flags]
    uintx AdaptiveSizePolicyWeight                 = 90                                        {product} {command line}
     intx CICompilerCount                          = 4                                         {product} {ergonomic}
    uintx GCTimeRatio                              = 4                                         {product} {command line}
     bool HeapDumpOnOutOfMemoryError               = true                                   {manageable} {command line}
    ccstr HeapDumpPath                             = c:\Users\ANSAF\AppData\Roaming\Antigravity\User\workspaceStorage\1edba422f8148d5b498ae3287b6bc979\redhat.java         {manageable} {command line}
   size_t InitialHeapSize                          = 104857600                                 {product} {command line}
   size_t MaxHeapSize                              = 1073741824                                {product} {command line}
   size_t MaxNewSize                               = 357564416                                 {product} {ergonomic}
   size_t MinHeapDeltaBytes                        = 524288                                    {product} {ergonomic}
   size_t MinHeapSize                              = 104857600                                 {product} {command line}
   size_t NewSize                                  = 34603008                                  {product} {ergonomic}
    uintx NonNMethodCodeHeapSize                   = 5839372                                {pd product} {ergonomic}
    uintx NonProfiledCodeHeapSize                  = 122909434                              {pd product} {ergonomic}
   size_t OldSize                                  = 70254592                                  {product} {ergonomic}
    uintx ProfiledCodeHeapSize                     = 122909434                              {pd product} {ergonomic}
    uintx ReservedCodeCacheSize                    = 251658240                              {pd product} {ergonomic}
     bool SegmentedCodeCache                       = true                                      {product} {ergonomic}
   size_t SoftMaxHeapSize                          = 1073741824                             {manageable} {ergonomic}
     bool UseCompressedClassPointers               = true                           {product lp64_product} {ergonomic}
     bool UseCompressedOops                        = true                           {product lp64_product} {ergonomic}
     bool UseLargePagesIndividualAllocation        = false                                  {pd product} {ergonomic}
     bool UseParallelGC                            = true                                      {product} {command line}

Logging:
Log output configuration:
 #0: stdout all=off uptime,level,tags
 #1: stderr all=off uptime,level,tags

Environment Variables:
JAVA_HOME="C:\Program Files\Java\jdk-21"
PATH=C:\Program Files\Common Files\Oracle\Java\javapath;C:\windows\system32;C:\windows;C:\windows\System32\Wbem;C:\windows\System32\WindowsPowerShell\v1.0\;C:\windows\System32\OpenSSH\;C:\Program Files (x86)\NVIDIA Corporation\PhysX\Common;C:\Program Files\NVIDIA Corporation\NVIDIA NvDLISR;C:\Users\Administrator\AppData\Local\Microsoft\WindowsApps;C:\Program Files\HP\OMEN-Broadcast\Common;C:\Program Files\nodejs\;C:\WINDOWS\system32;C:\WINDOWS;C:\WINDOWS\System32\Wbem;C:\WINDOWS\System32\WindowsPowerShell\v1.0\;C:\WINDOWS\System32\OpenSSH\;C:\Program Files (x86)\Bitvise SSH Client;C:\Program Files\Git\cmd;C:\Users\ANSAF\AppData\Local\Programs\Python\Python313;C:\Users\ANSAF\AppData\Local\Programs\Python\Python313\Scripts;C:\Users\ANSAF\AppData\Local\Programs\Python\Python313\Scripts\;C:\Users\ANSAF\AppData\Local\Programs\Python\Python313\;C:\Users\ANSAF\AppData\Local\Programs\Python\Launcher\;C:\Users\ANSAF\AppData\Local\Microsoft\WindowsApps;C:\intelFPGA\18.1\modelsim_ase\win32aloem;C:\Users\ANSAF\AppData\Roaming\npm;C:\msys64\ucrt64\bin;C:\Users\ANSAF\AppData\Local\Programs\Microsoft VS Code\bin;C:\Users\ANSAF\AppData\Local\Programs\Antigravity\bin;C:\Users\ANSAF\AppData\Local\GitHubDesktop\bin
USERNAME=ANSAF
OS=Windows_NT
PROCESSOR_IDENTIFIER=Intel64 Family 6 Model 154 Stepping 3, GenuineIntel
TMP=C:\Users\ANSAF\AppData\Local\Temp
TEMP=C:\Users\ANSAF\AppData\Local\Temp



---------------  S Y S T E M  ---------------

OS:
 Windows 11 , 64 bit Build 26100 (10.0.26100.7705)
OS uptime: 1 days 1:05 hours
Hyper-V role detected

CPU: total 12 (initial active 12) (6 cores per cpu, 2 threads per core) family 6 model 154 stepping 3 microcode 0x434, cx8, cmov, fxsr, ht, mmx, 3dnowpref, sse, sse2, sse3, ssse3, sse4.1, sse4.2, popcnt, lzcnt, tsc, tscinvbit, avx, avx2, aes, erms, clmul, bmi1, bmi2, adx, sha, fma, vzeroupper, clflush, clflushopt, clwb, hv

Memory: 4k page, system-wide physical 7832M (278M free)
TotalPageFile size 25866M (AvailPageFile size 0M)
current process WorkingSet (physical memory assigned to process): 139M, peak: 182M
current process commit charge ("private bytes"): 279M, peak: 286M

vm_info: OpenJDK 64-Bit Server VM (17.0.4.1+1) for windows-amd64 JRE (17.0.4.1+1), built on Aug 17 2022 07:42:43 by "temurin" with MS VC++ 16.7 (VS2019)

END.
