[INFO] Scanning for projects...
[INFO] 
[INFO] ------------------------< com.medical:backend >-------------------------
[INFO] Building MedicalBackend 0.0.1-SNAPSHOT
[INFO]   from pom.xml
[INFO] --------------------------------[ jar ]---------------------------------
[INFO] 
[INFO] >>> spring-boot:3.2.0:run (default-cli) > test-compile @ backend >>>
[INFO] 
[INFO] --- resources:3.3.1:resources (default-resources) @ backend ---
[INFO] Copying 1 resource from src\main\resources to target\classes
[INFO] Copying 0 resource from src\main\resources to target\classes
[INFO] 
[INFO] --- compiler:3.11.0:compile (default-compile) @ backend ---
[INFO] Nothing to compile - all classes are up to date
[INFO] 
[INFO] --- resources:3.3.1:testResources (default-testResources) @ backend ---
[INFO] skip non existing resourceDirectory C:\Users\ANSAF\Music\Project 1\backend\src\test\resources
[INFO] 
[INFO] --- compiler:3.11.0:testCompile (default-testCompile) @ backend ---
[INFO] No sources to compile
[INFO] 
[INFO] <<< spring-boot:3.2.0:run (default-cli) < test-compile @ backend <<<
[INFO] 
[INFO] 
[INFO] --- spring-boot:3.2.0:run (default-cli) @ backend ---
[INFO] Attaching agents: []

  .   ____          _            __ _ _
 /\\ / ___'_ __ _ _(_)_ __  __ _ \ \ \ \
( ( )\___ | '_ | '_| | '_ \/ _` | \ \ \ \
 \\/  ___)| |_)| | | | | || (_| |  ) ) ) )
  '  |____| .__|_| |_|_| |_\__, | / / / /
 =========|_|==============|___/=/_/_/_/
 :: Spring Boot ::                (v3.2.0)

2026-03-01T15:35:18.908+05:30  INFO 24768 --- [backend] [           main] c.m.backend.MedicalBackendApplication    : Starting MedicalBackendApplication using Java 21.0.7 with PID 24768 (C:\Users\ANSAF\Music\Project 1\backend\target\classes started by ANSAF in C:\Users\ANSAF\Music\Project 1\backend)
2026-03-01T15:35:18.912+05:30  INFO 24768 --- [backend] [           main] c.m.backend.MedicalBackendApplication    : No active profile set, falling back to 1 default profile: "default"
2026-03-01T15:35:20.375+05:30  INFO 24768 --- [backend] [           main] .s.d.r.c.RepositoryConfigurationDelegate : Bootstrapping Spring Data JPA repositories in DEFAULT mode.
2026-03-01T15:35:20.588+05:30  INFO 24768 --- [backend] [           main] .s.d.r.c.RepositoryConfigurationDelegate : Finished Spring Data repository scanning in 192 ms. Found 12 JPA repository interfaces.
2026-03-01T15:35:21.592+05:30  INFO 24768 --- [backend] [           main] o.s.b.w.embedded.tomcat.TomcatWebServer  : Tomcat initialized with port 8081 (http)
2026-03-01T15:35:21.628+05:30  INFO 24768 --- [backend] [           main] o.apache.catalina.core.StandardService   : Starting service [Tomcat]
2026-03-01T15:35:21.629+05:30  INFO 24768 --- [backend] [           main] o.apache.catalina.core.StandardEngine    : Starting Servlet engine: [Apache Tomcat/10.1.16]
2026-03-01T15:35:21.737+05:30  INFO 24768 --- [backend] [           main] o.a.c.c.C.[Tomcat].[localhost].[/]       : Initializing Spring embedded WebApplicationContext
2026-03-01T15:35:21.737+05:30  INFO 24768 --- [backend] [           main] w.s.c.ServletWebServerApplicationContext : Root WebApplicationContext: initialization completed in 2740 ms
2026-03-01T15:35:21.907+05:30  INFO 24768 --- [backend] [           main] o.hibernate.jpa.internal.util.LogHelper  : HHH000204: Processing PersistenceUnitInfo [name: default]
2026-03-01T15:35:22.007+05:30  INFO 24768 --- [backend] [           main] org.hibernate.Version                    : HHH000412: Hibernate ORM core version 6.3.1.Final
2026-03-01T15:35:22.061+05:30  INFO 24768 --- [backend] [           main] o.h.c.internal.RegionFactoryInitiator    : HHH000026: Second-level cache disabled
2026-03-01T15:35:22.383+05:30  INFO 24768 --- [backend] [           main] o.s.o.j.p.SpringPersistenceUnitInfo      : No LoadTimeWeaver setup: ignoring JPA class transformer
2026-03-01T15:35:22.429+05:30  INFO 24768 --- [backend] [           main] com.zaxxer.hikari.HikariDataSource       : HikariPool-1 - Starting...
2026-03-01T15:35:23.160+05:30  INFO 24768 --- [backend] [           main] com.zaxxer.hikari.pool.HikariPool        : HikariPool-1 - Added connection com.mysql.cj.jdbc.ConnectionImpl@e07b4db
2026-03-01T15:35:23.164+05:30  INFO 24768 --- [backend] [           main] com.zaxxer.hikari.HikariDataSource       : HikariPool-1 - Start completed.
2026-03-01T15:35:23.269+05:30  WARN 24768 --- [backend] [           main] org.hibernate.orm.deprecation            : HHH90000025: MySQLDialect does not need to be specified explicitly using 'hibernate.dialect' (remove the property setting and it will be selected by default)
2026-03-01T15:35:25.408+05:30  INFO 24768 --- [backend] [           main] o.h.e.t.j.p.i.JtaPlatformInitiator       : HHH000489: No JTA platform available (set 'hibernate.transaction.jta.platform' to enable JTA platform integration)
2026-03-01T15:35:25.633+05:30  INFO 24768 --- [backend] [           main] j.LocalContainerEntityManagerFactoryBean : Initialized JPA EntityManagerFactory for persistence unit 'default'
2026-03-01T15:35:26.266+05:30  INFO 24768 --- [backend] [           main] o.s.d.j.r.query.QueryEnhancerFactory     : Hibernate is in classpath; If applicable, HQL parser will be used.
2026-03-01T15:35:27.172+05:30  WARN 24768 --- [backend] [           main] JpaBaseConfiguration$JpaWebConfiguration : spring.jpa.open-in-view is enabled by default. Therefore, database queries may be performed during view rendering. Explicitly configure spring.jpa.open-in-view to disable this warning
2026-03-01T15:35:27.944+05:30  INFO 24768 --- [backend] [           main] o.s.s.web.DefaultSecurityFilterChain     : Will secure any request with [org.springframework.security.web.session.DisableEncodeUrlFilter@67d8e214, org.springframework.security.web.context.request.async.WebAsyncManagerIntegrationFilter@3c0640fa, org.springframework.security.web.context.SecurityContextHolderFilter@12b2fcaf, org.springframework.security.web.header.HeaderWriterFilter@520c235f, org.springframework.web.filter.CorsFilter@3c67b7a9, org.springframework.security.web.authentication.logout.LogoutFilter@27d9a016, com.medical.backend.config.JwtRequestFilter@623d222, com.medical.backend.config.VerificationFilter@5b4ce00, org.springframework.security.web.savedrequest.RequestCacheAwareFilter@1100363d, org.springframework.security.web.servletapi.SecurityContextHolderAwareRequestFilter@7d593bbc, org.springframework.security.web.authentication.AnonymousAuthenticationFilter@67b6cb6e, org.springframework.security.web.session.SessionManagementFilter@656c356c, org.springframework.security.web.access.ExceptionTranslationFilter@1548dc37, org.springframework.security.web.access.intercept.AuthorizationFilter@19d85bbe]
2026-03-01T15:35:28.464+05:30  INFO 24768 --- [backend] [           main] o.s.b.w.embedded.tomcat.TomcatWebServer  : Tomcat started on port 8081 (http) with context path ''
2026-03-01T15:35:28.478+05:30  INFO 24768 --- [backend] [           main] c.m.backend.MedicalBackendApplication    : Started MedicalBackendApplication in 10.109 seconds (process running for 10.588)
Hibernate: select u1_0.id,u1_0.email,u1_0.full_name,u1_0.is_verified,u1_0.medical_history,u1_0.medical_license_number,u1_0.password,u1_0.role,u1_0.shop_details,u1_0.specialization from users u1_0 where u1_0.email=?
Hibernate: select u1_0.id,u1_0.email,u1_0.full_name,u1_0.is_verified,u1_0.medical_history,u1_0.medical_license_number,u1_0.password,u1_0.role,u1_0.shop_details,u1_0.specialization from users u1_0 where u1_0.email=?
Hibernate: select u1_0.id,u1_0.email,u1_0.full_name,u1_0.is_verified,u1_0.medical_history,u1_0.medical_license_number,u1_0.password,u1_0.role,u1_0.shop_details,u1_0.specialization from users u1_0 where u1_0.email=?
Hibernate: select p1_0.id,p1_0.created_at,p1_0.digital_signature,p1_0.dispensed_at,p1_0.doctor_id,p1_0.file_path,p1_0.is_dispensed,p1_0.is_draft,p1_0.parent_prescription_id,p1_0.patient_id,p1_0.pdf_url,p1_0.pharmacist_id,p1_0.status,p1_0.version from prescriptions p1_0 where p1_0.patient_id=?
Hibernate: select u1_0.id,u1_0.email,u1_0.full_name,u1_0.is_verified,u1_0.medical_history,u1_0.medical_license_number,u1_0.password,u1_0.role,u1_0.shop_details,u1_0.specialization from users u1_0 where u1_0.id=?
Hibernate: select u1_0.id,u1_0.email,u1_0.full_name,u1_0.is_verified,u1_0.medical_history,u1_0.medical_license_number,u1_0.password,u1_0.role,u1_0.shop_details,u1_0.specialization from users u1_0 where u1_0.id=?
2026-03-01T15:35:28.693+05:30  INFO 24768 --- [backend] [           main] .s.b.a.l.ConditionEvaluationReportLogger : 

Error starting ApplicationContext. To display the condition evaluation report re-run your application with 'debug' enabled.
2026-03-01T15:35:28.717+05:30 ERROR 24768 --- [backend] [           main] o.s.boot.SpringApplication               : Application run failed

java.lang.IllegalStateException: Failed to execute CommandLineRunner
	at org.springframework.boot.SpringApplication.callRunner(SpringApplication.java:789) ~[spring-boot-3.2.0.jar:3.2.0]
	at org.springframework.boot.SpringApplication.lambda$callRunners$3(SpringApplication.java:770) ~[spring-boot-3.2.0.jar:3.2.0]
	at java.base/java.util.stream.ForEachOps$ForEachOp$OfRef.accept(ForEachOps.java:184) ~[na:na]
	at java.base/java.util.stream.SortedOps$SizedRefSortingSink.end(SortedOps.java:357) ~[na:na]
	at java.base/java.util.stream.AbstractPipeline.copyInto(AbstractPipeline.java:510) ~[na:na]
	at java.base/java.util.stream.AbstractPipeline.wrapAndCopyInto(AbstractPipeline.java:499) ~[na:na]
	at java.base/java.util.stream.ForEachOps$ForEachOp.evaluateSequential(ForEachOps.java:151) ~[na:na]
	at java.base/java.util.stream.ForEachOps$ForEachOp$OfRef.evaluateSequential(ForEachOps.java:174) ~[na:na]
	at java.base/java.util.stream.AbstractPipeline.evaluate(AbstractPipeline.java:234) ~[na:na]
	at java.base/java.util.stream.ReferencePipeline.forEach(ReferencePipeline.java:596) ~[na:na]
	at org.springframework.boot.SpringApplication.callRunners(SpringApplication.java:765) ~[spring-boot-3.2.0.jar:3.2.0]
	at org.springframework.boot.SpringApplication.run(SpringApplication.java:330) ~[spring-boot-3.2.0.jar:3.2.0]
	at org.springframework.boot.SpringApplication.run(SpringApplication.java:1342) ~[spring-boot-3.2.0.jar:3.2.0]
	at org.springframework.boot.SpringApplication.run(SpringApplication.java:1331) ~[spring-boot-3.2.0.jar:3.2.0]
	at com.medical.backend.MedicalBackendApplication.main(MedicalBackendApplication.java:12) ~[classes/:na]
Caused by: org.springframework.dao.InvalidDataAccessApiUsageException: No enum constant com.medical.backend.entity.Prescription.PrescriptionStatus.APPROVED
	at org.springframework.orm.jpa.EntityManagerFactoryUtils.convertJpaAccessExceptionIfPossible(EntityManagerFactoryUtils.java:371) ~[spring-orm-6.1.1.jar:6.1.1]
	at org.springframework.orm.jpa.vendor.HibernateJpaDialect.translateExceptionIfPossible(HibernateJpaDialect.java:246) ~[spring-orm-6.1.1.jar:6.1.1]
	at org.springframework.orm.jpa.AbstractEntityManagerFactoryBean.translateExceptionIfPossible(AbstractEntityManagerFactoryBean.java:550) ~[spring-orm-6.1.1.jar:6.1.1]
	at org.springframework.dao.support.ChainedPersistenceExceptionTranslator.translateExceptionIfPossible(ChainedPersistenceExceptionTranslator.java:61) ~[spring-tx-6.1.1.jar:6.1.1]
	at org.springframework.dao.support.DataAccessUtils.translateIfNecessary(DataAccessUtils.java:335) ~[spring-tx-6.1.1.jar:6.1.1]
	at org.springframework.dao.support.PersistenceExceptionTranslationInterceptor.invoke(PersistenceExceptionTranslationInterceptor.java:152) ~[spring-tx-6.1.1.jar:6.1.1]
	at org.springframework.aop.framework.ReflectiveMethodInvocation.proceed(ReflectiveMethodInvocation.java:184) ~[spring-aop-6.1.1.jar:6.1.1]
	at org.springframework.data.jpa.repository.support.CrudMethodMetadataPostProcessor$CrudMethodMetadataPopulatingMethodInterceptor.invoke(CrudMethodMetadataPostProcessor.java:135) ~[spring-data-jpa-3.2.0.jar:3.2.0]
	at org.springframework.aop.framework.ReflectiveMethodInvocation.proceed(ReflectiveMethodInvocation.java:184) ~[spring-aop-6.1.1.jar:6.1.1]
	at org.springframework.aop.interceptor.ExposeInvocationInterceptor.invoke(ExposeInvocationInterceptor.java:97) ~[spring-aop-6.1.1.jar:6.1.1]
	at org.springframework.aop.framework.ReflectiveMethodInvocation.proceed(ReflectiveMethodInvocation.java:184) ~[spring-aop-6.1.1.jar:6.1.1]
	at org.springframework.aop.framework.JdkDynamicAopProxy.invoke(JdkDynamicAopProxy.java:249) ~[spring-aop-6.1.1.jar:6.1.1]
	at jdk.proxy2/jdk.proxy2.$Proxy145.findByPatient_Id(Unknown Source) ~[na:na]
	at com.medical.backend.config.DataSeeder.lambda$0(DataSeeder.java:57) ~[classes/:na]
	at org.springframework.boot.SpringApplication.callRunner(SpringApplication.java:786) ~[spring-boot-3.2.0.jar:3.2.0]
	... 14 common frames omitted
Caused by: java.lang.IllegalArgumentException: No enum constant com.medical.backend.entity.Prescription.PrescriptionStatus.APPROVED
	at java.base/java.lang.Enum.valueOf(Enum.java:293) ~[na:na]
	at org.hibernate.type.descriptor.java.EnumJavaType.fromName(EnumJavaType.java:239) ~[hibernate-core-6.3.1.Final.jar:6.3.1.Final]
	at org.hibernate.type.descriptor.java.EnumJavaType.wrap(EnumJavaType.java:107) ~[hibernate-core-6.3.1.Final.jar:6.3.1.Final]
	at org.hibernate.type.descriptor.java.EnumJavaType.wrap(EnumJavaType.java:33) ~[hibernate-core-6.3.1.Final.jar:6.3.1.Final]
	at org.hibernate.dialect.MySQLEnumJdbcType$2.doExtract(MySQLEnumJdbcType.java:76) ~[hibernate-core-6.3.1.Final.jar:6.3.1.Final]
	at org.hibernate.type.descriptor.jdbc.BasicExtractor.extract(BasicExtractor.java:44) ~[hibernate-core-6.3.1.Final.jar:6.3.1.Final]
	at org.hibernate.sql.results.jdbc.internal.JdbcValuesResultSetImpl.getCurrentRowValue(JdbcValuesResultSetImpl.java:302) ~[hibernate-core-6.3.1.Final.jar:6.3.1.Final]
	at org.hibernate.sql.results.internal.RowProcessingStateStandardImpl.getJdbcValue(RowProcessingStateStandardImpl.java:119) ~[hibernate-core-6.3.1.Final.jar:6.3.1.Final]
	at org.hibernate.sql.results.graph.basic.BasicResultAssembler.extractRawValue(BasicResultAssembler.java:52) ~[hibernate-core-6.3.1.Final.jar:6.3.1.Final]
	at org.hibernate.sql.results.graph.basic.BasicResultAssembler.assemble(BasicResultAssembler.java:59) ~[hibernate-core-6.3.1.Final.jar:6.3.1.Final]
	at org.hibernate.sql.results.graph.DomainResultAssembler.assemble(DomainResultAssembler.java:33) ~[hibernate-core-6.3.1.Final.jar:6.3.1.Final]
	at org.hibernate.sql.results.graph.entity.AbstractEntityInitializer.extractConcreteTypeStateValues(AbstractEntityInitializer.java:1055) ~[hibernate-core-6.3.1.Final.jar:6.3.1.Final]
	at org.hibernate.sql.results.graph.entity.AbstractEntityInitializer.initializeEntityInstance(AbstractEntityInitializer.java:836) ~[hibernate-core-6.3.1.Final.jar:6.3.1.Final]
	at org.hibernate.sql.results.graph.entity.AbstractEntityInitializer.initializeEntity(AbstractEntityInitializer.java:811) ~[hibernate-core-6.3.1.Final.jar:6.3.1.Final]
	at org.hibernate.sql.results.graph.entity.AbstractEntityInitializer.initializeInstance(AbstractEntityInitializer.java:797) ~[hibernate-core-6.3.1.Final.jar:6.3.1.Final]
	at org.hibernate.sql.results.internal.InitializersList.initializeInstance(InitializersList.java:71) ~[hibernate-core-6.3.1.Final.jar:6.3.1.Final]
	at org.hibernate.sql.results.internal.StandardRowReader.coordinateInitializers(StandardRowReader.java:109) ~[hibernate-core-6.3.1.Final.jar:6.3.1.Final]
	at org.hibernate.sql.results.internal.StandardRowReader.readRow(StandardRowReader.java:86) ~[hibernate-core-6.3.1.Final.jar:6.3.1.Final]
	at org.hibernate.sql.results.spi.ListResultsConsumer.consume(ListResultsConsumer.java:201) ~[hibernate-core-6.3.1.Final.jar:6.3.1.Final]
	at org.hibernate.sql.results.spi.ListResultsConsumer.consume(ListResultsConsumer.java:33) ~[hibernate-core-6.3.1.Final.jar:6.3.1.Final]
	at org.hibernate.sql.exec.internal.JdbcSelectExecutorStandardImpl.doExecuteQuery(JdbcSelectExecutorStandardImpl.java:361) ~[hibernate-core-6.3.1.Final.jar:6.3.1.Final]
	at org.hibernate.sql.exec.internal.JdbcSelectExecutorStandardImpl.executeQuery(JdbcSelectExecutorStandardImpl.java:168) ~[hibernate-core-6.3.1.Final.jar:6.3.1.Final]
	at org.hibernate.sql.exec.internal.JdbcSelectExecutorStandardImpl.list(JdbcSelectExecutorStandardImpl.java:93) ~[hibernate-core-6.3.1.Final.jar:6.3.1.Final]
	at org.hibernate.sql.exec.spi.JdbcSelectExecutor.list(JdbcSelectExecutor.java:31) ~[hibernate-core-6.3.1.Final.jar:6.3.1.Final]
	at org.hibernate.query.sqm.internal.ConcreteSqmSelectQueryPlan.lambda$new$0(ConcreteSqmSelectQueryPlan.java:109) ~[hibernate-core-6.3.1.Final.jar:6.3.1.Final]
	at org.hibernate.query.sqm.internal.ConcreteSqmSelectQueryPlan.withCacheableSqmInterpretation(ConcreteSqmSelectQueryPlan.java:305) ~[hibernate-core-6.3.1.Final.jar:6.3.1.Final]
	at org.hibernate.query.sqm.internal.ConcreteSqmSelectQueryPlan.performList(ConcreteSqmSelectQueryPlan.java:246) ~[hibernate-core-6.3.1.Final.jar:6.3.1.Final]
	at org.hibernate.query.sqm.internal.QuerySqmImpl.doList(QuerySqmImpl.java:509) ~[hibernate-core-6.3.1.Final.jar:6.3.1.Final]
	at org.hibernate.query.spi.AbstractSelectionQuery.list(AbstractSelectionQuery.java:427) ~[hibernate-core-6.3.1.Final.jar:6.3.1.Final]
	at org.hibernate.query.Query.getResultList(Query.java:120) ~[hibernate-core-6.3.1.Final.jar:6.3.1.Final]
	at java.base/jdk.internal.reflect.DirectMethodHandleAccessor.invoke(DirectMethodHandleAccessor.java:103) ~[na:na]
	at java.base/java.lang.reflect.Method.invoke(Method.java:580) ~[na:na]
	at org.springframework.orm.jpa.SharedEntityManagerCreator$DeferredQueryInvocationHandler.invoke(SharedEntityManagerCreator.java:405) ~[spring-orm-6.1.1.jar:6.1.1]
	at jdk.proxy2/jdk.proxy2.$Proxy167.getResultList(Unknown Source) ~[na:na]
	at org.springframework.data.jpa.repository.query.JpaQueryExecution$CollectionExecution.doExecute(JpaQueryExecution.java:129) ~[spring-data-jpa-3.2.0.jar:3.2.0]
	at org.springframework.data.jpa.repository.query.JpaQueryExecution.execute(JpaQueryExecution.java:92) ~[spring-data-jpa-3.2.0.jar:3.2.0]
	at org.springframework.data.jpa.repository.query.AbstractJpaQuery.doExecute(AbstractJpaQuery.java:149) ~[spring-data-jpa-3.2.0.jar:3.2.0]
	at org.springframework.data.jpa.repository.query.AbstractJpaQuery.execute(AbstractJpaQuery.java:137) ~[spring-data-jpa-3.2.0.jar:3.2.0]
	at org.springframework.data.repository.core.support.RepositoryMethodInvoker.doInvoke(RepositoryMethodInvoker.java:170) ~[spring-data-commons-3.2.0.jar:3.2.0]
	at org.springframework.data.repository.core.support.RepositoryMethodInvoker.invoke(RepositoryMethodInvoker.java:158) ~[spring-data-commons-3.2.0.jar:3.2.0]
	at org.springframework.data.repository.core.support.QueryExecutorMethodInterceptor.doInvoke(QueryExecutorMethodInterceptor.java:164) ~[spring-data-commons-3.2.0.jar:3.2.0]
	at org.springframework.data.repository.core.support.QueryExecutorMethodInterceptor.invoke(QueryExecutorMethodInterceptor.java:143) ~[spring-data-commons-3.2.0.jar:3.2.0]
	at org.springframework.aop.framework.ReflectiveMethodInvocation.proceed(ReflectiveMethodInvocation.java:184) ~[spring-aop-6.1.1.jar:6.1.1]
	at org.springframework.data.projection.DefaultMethodInvokingMethodInterceptor.invoke(DefaultMethodInvokingMethodInterceptor.java:70) ~[spring-data-commons-3.2.0.jar:3.2.0]
	at org.springframework.aop.framework.ReflectiveMethodInvocation.proceed(ReflectiveMethodInvocation.java:184) ~[spring-aop-6.1.1.jar:6.1.1]
	at org.springframework.transaction.interceptor.TransactionInterceptor$1.proceedWithInvocation(TransactionInterceptor.java:123) ~[spring-tx-6.1.1.jar:6.1.1]
	at org.springframework.transaction.interceptor.TransactionAspectSupport.invokeWithinTransaction(TransactionAspectSupport.java:385) ~[spring-tx-6.1.1.jar:6.1.1]
	at org.springframework.transaction.interceptor.TransactionInterceptor.invoke(TransactionInterceptor.java:119) ~[spring-tx-6.1.1.jar:6.1.1]
	at org.springframework.aop.framework.ReflectiveMethodInvocation.proceed(ReflectiveMethodInvocation.java:184) ~[spring-aop-6.1.1.jar:6.1.1]
	at org.springframework.dao.support.PersistenceExceptionTranslationInterceptor.invoke(PersistenceExceptionTranslationInterceptor.java:137) ~[spring-tx-6.1.1.jar:6.1.1]
	... 23 common frames omitted

2026-03-01T15:35:28.749+05:30  INFO 24768 --- [backend] [           main] j.LocalContainerEntityManagerFactoryBean : Closing JPA EntityManagerFactory for persistence unit 'default'
2026-03-01T15:35:28.752+05:30  INFO 24768 --- [backend] [           main] com.zaxxer.hikari.HikariDataSource       : HikariPool-1 - Shutdown initiated...
2026-03-01T15:35:28.777+05:30  INFO 24768 --- [backend] [           main] com.zaxxer.hikari.HikariDataSource       : HikariPool-1 - Shutdown completed.
[INFO] ------------------------------------------------------------------------
[INFO] BUILD FAILURE
[INFO] ------------------------------------------------------------------------
[INFO] Total time:  18.845 s
[INFO] Finished at: 2026-03-01T15:35:28+05:30
[INFO] ------------------------------------------------------------------------
[ERROR] Failed to execute goal org.springframework.boot:spring-boot-maven-plugin:3.2.0:run (default-cli) on project backend: Process terminated with exit code: 1 -> [Help 1]
[ERROR] 
[ERROR] To see the full stack trace of the errors, re-run Maven with the -e switch.
[ERROR] Re-run Maven using the -X switch to enable full debug logging.
[ERROR] 
[ERROR] For more information about the errors and possible solutions, please read the following articles:
[ERROR] [Help 1] http://cwiki.apache.org/confluence/display/MAVEN/MojoExecutionException
