[INFO] Scanning for projects...
[INFO] 
[INFO] ------------------------< com.medical:backend >-------------------------
[INFO] Building MedicalBackend 0.0.1-SNAPSHOT
[INFO]   from pom.xml
[INFO] --------------------------------[ jar ]---------------------------------
[INFO] 
[INFO] --- resources:3.3.1:resources (default-resources) @ backend ---
[INFO] Copying 1 resource from src\main\resources to target\classes
[INFO] Copying 0 resource from src\main\resources to target\classes
[INFO] 
[INFO] --- compiler:3.11.0:compile (default-compile) @ backend ---
[INFO] Changes detected - recompiling the module! :source
[INFO] Compiling 63 source files with javac [debug release 17] to target\classes
[INFO] Annotation processing is enabled because one or more processors were found
  on the class path. A future release of javac may disable annotation processing
  unless at least one processor is specified by name (-processor), or a search
  path is specified (--processor-path, --processor-module-path), or annotation
  processing is enabled explicitly (-proc:only, -proc:full).
  Use -Xlint:-options to suppress this message.
  Use -proc:none to disable annotation processing.
[INFO] -------------------------------------------------------------
[ERROR] COMPILATION ERROR : 
[INFO] -------------------------------------------------------------
[ERROR] /C:/Users/ANSAF/Music/Project 1/backend/src/main/java/com/medical/backend/entity/User.java:[1,36] illegal character: '\'
[ERROR] /C:/Users/ANSAF/Music/Project 1/backend/src/main/java/com/medical/backend/entity/User.java:[1,45] class, interface, enum, or record expected
[ERROR] /C:/Users/ANSAF/Music/Project 1/backend/src/main/java/com/medical/backend/entity/User.java:[3,1] class, interface, enum, or record expected
[ERROR] /C:/Users/ANSAF/Music/Project 1/backend/src/main/java/com/medical/backend/entity/User.java:[3,20] illegal character: '\'
[ERROR] /C:/Users/ANSAF/Music/Project 1/backend/src/main/java/com/medical/backend/entity/User.java:[10,1] illegal character: '\'
[ERROR] /C:/Users/ANSAF/Music/Project 1/backend/src/main/java/com/medical/backend/entity/User.java:[12,1] illegal character: '\'
[ERROR] /C:/Users/ANSAF/Music/Project 1/backend/src/main/java/com/medical/backend/entity/User.java:[15,1] illegal character: '\'
[ERROR] /C:/Users/ANSAF/Music/Project 1/backend/src/main/java/com/medical/backend/entity/User.java:[16,1] illegal character: '\'
[ERROR] /C:/Users/ANSAF/Music/Project 1/backend/src/main/java/com/medical/backend/entity/User.java:[18,1] illegal character: '\'
[ERROR] /C:/Users/ANSAF/Music/Project 1/backend/src/main/java/com/medical/backend/entity/User.java:[21,1] illegal character: '\'
[ERROR] /C:/Users/ANSAF/Music/Project 1/backend/src/main/java/com/medical/backend/entity/User.java:[23,1] illegal character: '\'
[ERROR] /C:/Users/ANSAF/Music/Project 1/backend/src/main/java/com/medical/backend/entity/User.java:[26,1] illegal character: '\'
[INFO] 12 errors 
[INFO] -------------------------------------------------------------
[INFO] ------------------------------------------------------------------------
[INFO] BUILD FAILURE
[INFO] ------------------------------------------------------------------------
[INFO] Total time:  2.014 s
[INFO] Finished at: 2026-02-26T00:02:34+05:30
[INFO] ------------------------------------------------------------------------
[ERROR] Failed to execute goal org.apache.maven.plugins:maven-compiler-plugin:3.11.0:compile (default-compile) on project backend: Compilation failure: Compilation failure: 
[ERROR] /C:/Users/ANSAF/Music/Project 1/backend/src/main/java/com/medical/backend/entity/User.java:[1,36] illegal character: '\'
[ERROR] /C:/Users/ANSAF/Music/Project 1/backend/src/main/java/com/medical/backend/entity/User.java:[1,45] class, interface, enum, or record expected
[ERROR] /C:/Users/ANSAF/Music/Project 1/backend/src/main/java/com/medical/backend/entity/User.java:[3,1] class, interface, enum, or record expected
[ERROR] /C:/Users/ANSAF/Music/Project 1/backend/src/main/java/com/medical/backend/entity/User.java:[3,20] illegal character: '\'
[ERROR] /C:/Users/ANSAF/Music/Project 1/backend/src/main/java/com/medical/backend/entity/User.java:[10,1] illegal character: '\'
[ERROR] /C:/Users/ANSAF/Music/Project 1/backend/src/main/java/com/medical/backend/entity/User.java:[12,1] illegal character: '\'
[ERROR] /C:/Users/ANSAF/Music/Project 1/backend/src/main/java/com/medical/backend/entity/User.java:[15,1] illegal character: '\'
[ERROR] /C:/Users/ANSAF/Music/Project 1/backend/src/main/java/com/medical/backend/entity/User.java:[16,1] illegal character: '\'
[ERROR] /C:/Users/ANSAF/Music/Project 1/backend/src/main/java/com/medical/backend/entity/User.java:[18,1] illegal character: '\'
[ERROR] /C:/Users/ANSAF/Music/Project 1/backend/src/main/java/com/medical/backend/entity/User.java:[21,1] illegal character: '\'
[ERROR] /C:/Users/ANSAF/Music/Project 1/backend/src/main/java/com/medical/backend/entity/User.java:[23,1] illegal character: '\'
[ERROR] /C:/Users/ANSAF/Music/Project 1/backend/src/main/java/com/medical/backend/entity/User.java:[26,1] illegal character: '\'
[ERROR] -> [Help 1]
[ERROR] 
[ERROR] To see the full stack trace of the errors, re-run Maven with the -e switch.
[ERROR] Re-run Maven using the -X switch to enable full debug logging.
[ERROR] 
[ERROR] For more information about the errors and possible solutions, please read the following articles:
[ERROR] [Help 1] http://cwiki.apache.org/confluence/display/MAVEN/MojoFailureException
